Log file open, 01/03/25 21:52:04
LogWindows: Failed to load 'aqProf.dll' (GetLastError=126)
LogWindows: File 'aqProf.dll' does not exist
LogWindows: Failed to load 'VtuneApi.dll' (GetLastError=126)
LogWindows: File 'VtuneApi.dll' does not exist
LogWindows: Failed to load 'VtuneApi32e.dll' (GetLastError=126)
LogWindows: File 'VtuneApi32e.dll' does not exist
LogConsoleResponse: Display: Failed to find resolution value strings in scalability ini. Falling back to default.
LogConsoleResponse: Display: Failed to find resolution value strings in scalability ini. Falling back to default.
LogInit: Display: Running engine for game: MyProject
LogPlatformFile: Not using cached read wrapper
LogTaskGraph: Started task graph with 5 named threads and 23 total threads with 3 sets of task threads.
LogStats: Stats thread started at 1.535725
LogICUInternationalization: ICU TimeZone Detection - Raw Offset: +1:00, Platform Override: ''
LogInit: Display: Loading text-based GConfig....
LogPluginManager: Mounting plugin MeshPainting
LogPluginManager: Mounting plugin XGEController
LogPluginManager: Mounting plugin Paper2D
LogPluginManager: Mounting plugin LiveLink
LogPluginManager: Mounting plugin EnvironmentQueryEditor
LogPluginManager: Mounting plugin AISupport
LogPluginManager: Mounting plugin LightPropagationVolume
LogPluginManager: Mounting plugin OodleData
LogPluginManager: Mounting plugin OodleNetwork
LogPluginManager: Mounting plugin GameplayCameras
LogPluginManager: Mounting plugin CLionSourceCodeAccess
LogPluginManager: Mounting plugin CameraShakePreviewer
LogPluginManager: Mounting plugin AnimationSharing
LogPluginManager: Mounting plugin CodeLiteSourceCodeAccess
LogPluginManager: Mounting plugin GitSourceControl
LogPluginManager: Mounting plugin KDevelopSourceCodeAccess
LogPluginManager: Mounting plugin NullSourceCodeAccess
LogPluginManager: Mounting plugin PerforceSourceControl
LogPluginManager: Mounting plugin PixWinPlugin
LogPluginManager: Mounting plugin PluginUtils
LogPluginManager: Mounting plugin PropertyAccessNode
LogPluginManager: Mounting plugin PlasticSourceControl
LogPluginManager: Mounting plugin RiderSourceCodeAccess
LogPluginManager: Mounting plugin SubversionSourceControl
LogPluginManager: Mounting plugin TextureFormatOodle
LogPluginManager: Mounting plugin VisualStudioCodeSourceCodeAccess
LogPluginManager: Mounting plugin XCodeSourceCodeAccess
LogPluginManager: Mounting plugin AssetManagerEditor
LogPluginManager: Mounting plugin VisualStudioSourceCodeAccess
LogPluginManager: Mounting plugin UObjectPlugin
LogPluginManager: Mounting plugin CryptoKeys
LogPluginManager: Mounting plugin CurveEditorTools
LogPluginManager: Mounting plugin DataValidation
LogPluginManager: Mounting plugin FacialAnimation
LogPluginManager: Mounting plugin GameplayTagsEditor
LogPluginManager: Mounting plugin GeometryMode
LogPluginManager: Mounting plugin MacGraphicsSwitching
LogPluginManager: Mounting plugin MaterialAnalyzer
LogPluginManager: Mounting plugin MobileLauncherProfileWizard
LogPluginManager: Mounting plugin PluginBrowser
LogPluginManager: Mounting plugin StylusInput
LogPluginManager: Mounting plugin SpeedTreeImporter
LogPluginManager: Mounting plugin DatasmithContent
LogPluginManager: Mounting plugin VariantManagerContent
LogPluginManager: Mounting plugin AlembicImporter
LogPluginManager: Mounting plugin BackChannel
LogPluginManager: Mounting plugin AutomationUtils
LogPluginManager: Mounting plugin Niagara
LogPluginManager: Mounting plugin ChaosCloth
LogPluginManager: Mounting plugin ChaosClothEditor
LogPluginManager: Mounting plugin ChaosSolverPlugin
LogPluginManager: Mounting plugin ChaosNiagara
LogPluginManager: Mounting plugin ChaosEditor
LogPluginManager: Mounting plugin CharacterAI
LogPluginManager: Mounting plugin GeometryCache
LogPluginManager: Mounting plugin GeometryCollectionPlugin
LogPluginManager: Mounting plugin LuminPlatformFeatures
LogPluginManager: Mounting plugin MagicLeap
LogPluginManager: Mounting plugin MagicLeapLightEstimation
LogPluginManager: Mounting plugin MagicLeapMedia
LogPluginManager: Mounting plugin MagicLeapPassableWorld
LogPluginManager: Mounting plugin MLSDK
LogPluginManager: Mounting plugin GeometryProcessing
LogPluginManager: Mounting plugin MeshModelingToolset
LogPluginManager: Mounting plugin ModelingToolsEditorMode
LogPluginManager: Mounting plugin OpenImageDenoise
LogPluginManager: Mounting plugin MotoSynth
LogPluginManager: Mounting plugin PlanarCut
LogPluginManager: Mounting plugin ProxyLODPlugin
LogPluginManager: Mounting plugin PythonScriptPlugin
LogPluginManager: Mounting plugin PlatformCrypto
LogPluginManager: Mounting plugin SkeletalReduction
LogPluginManager: Mounting plugin AndroidMedia
LogPluginManager: Mounting plugin AvfMedia
LogPluginManager: Mounting plugin ImgMedia
LogPluginManager: Mounting plugin MediaCompositing
LogPluginManager: Mounting plugin MediaPlayerEditor
LogPluginManager: Mounting plugin WebMMedia
LogPluginManager: Mounting plugin WmfMedia
LogPluginManager: Mounting plugin TcpMessaging
LogPluginManager: Mounting plugin UdpMessaging
LogPluginManager: Mounting plugin ActorSequence
LogPluginManager: Mounting plugin LevelSequenceEditor
LogPluginManager: Mounting plugin MatineeToLevelSequence
LogPluginManager: Mounting plugin TemplateSequence
LogPluginManager: Mounting plugin OnlineSubsystem
LogPluginManager: Mounting plugin OnlineSubsystemNull
LogPluginManager: Mounting plugin OnlineSubsystemUtils
LogPluginManager: Mounting plugin ActorLayerUtilities
LogPluginManager: Mounting plugin LauncherChunkInstaller
LogPluginManager: Mounting plugin AndroidDeviceProfileSelector
LogPluginManager: Mounting plugin AndroidMoviePlayer
LogPluginManager: Mounting plugin AndroidPermission
LogPluginManager: Mounting plugin AppleMoviePlayer
LogPluginManager: Mounting plugin AppleImageUtils
LogPluginManager: Mounting plugin ArchVisCharacter
LogPluginManager: Mounting plugin AssetTags
LogPluginManager: Mounting plugin AudioCapture
LogPluginManager: Mounting plugin AudioSynesthesia
LogPluginManager: Mounting plugin ChunkDownloader
LogPluginManager: Mounting plugin CableComponent
LogPluginManager: Mounting plugin CustomMeshComponent
LogPluginManager: Mounting plugin EditableMesh
LogPluginManager: Mounting plugin ExampleDeviceProfileSelector
LogPluginManager: Mounting plugin GoogleCloudMessaging
LogPluginManager: Mounting plugin GooglePAD
LogPluginManager: Mounting plugin HairStrands
LogPluginManager: Mounting plugin IOSDeviceProfileSelector
LogPluginManager: Mounting plugin LinuxDeviceProfileSelector
LogPluginManager: Mounting plugin LocationServicesBPLibrary
LogPluginManager: Mounting plugin MobilePatchingUtils
LogPluginManager: Mounting plugin OpenXR
LogPluginManager: Mounting plugin OpenXREyeTracker
LogPluginManager: Mounting plugin OpenXRHandTracking
LogPluginManager: Mounting plugin PhysXVehicles
LogPluginManager: Mounting plugin PostSplashScreen
LogPluginManager: Mounting plugin ProceduralMeshComponent
LogPluginManager: Mounting plugin PropertyAccessEditor
LogPluginManager: Mounting plugin RuntimePhysXCooking
LogPluginManager: Mounting plugin SignificanceManager
LogPluginManager: Mounting plugin SoundFields
LogPluginManager: Mounting plugin Synthesis
LogPluginManager: Mounting plugin WebMMoviePlayer
LogPluginManager: Mounting plugin ScreenshotTools
LogPluginManager: Mounting plugin WindowsMoviePlayer
LogPluginManager: Mounting plugin Takes
LogPluginManager: Mounting plugin ContentBrowserAssetDataSource
LogPluginManager: Mounting plugin ContentBrowserClassDataSource
LogPluginManager: Mounting plugin ContentBrowserFileDataSource
LogPluginManager: Mounting plugin OnlineSubsystemGooglePlay
LogPluginManager: Mounting plugin OnlineSubsystemIOS
LogPluginManager: Mounting plugin OculusVR
LogPluginManager: Mounting plugin SteamVR
PixWinPlugin: PIX capture plugin failed to initialize! Check that the process is launched from PIX.
LogInit: Using libcurl 7.55.1-DEV
LogInit:  - built for x86_64-pc-win32
LogInit:  - supports SSL with OpenSSL/1.1.1
LogInit:  - supports HTTP deflate (compression) using libz 1.2.8
LogInit:  - other features:
LogInit:      CURL_VERSION_SSL
LogInit:      CURL_VERSION_LIBZ
LogInit:      CURL_VERSION_IPV6
LogInit:      CURL_VERSION_ASYNCHDNS
LogInit:      CURL_VERSION_LARGEFILE
LogInit:      CURL_VERSION_IDN
LogInit:  CurlRequestOptions (configurable via config and command line):
LogInit:  - bVerifyPeer = true  - Libcurl will verify peer certificate
LogInit:  - bUseHttpProxy = false  - Libcurl will NOT use HTTP proxy
LogInit:  - bDontReuseConnections = false  - Libcurl will reuse connections
LogInit:  - MaxHostConnections = 16  - Libcurl will limit the number of connections to a host
LogInit:  - LocalHostAddr = Default
LogInit:  - BufferSize = 65536
LogOnline: OSS: Creating online subsystem instance for: NULL
LogInit: WinSock: version 1.1 (2.2), MaxSocks=32767, MaxUdp=65467
LogOnline: OSS: TryLoadSubsystemAndSetDefault: Loaded subsystem for module [NULL]
LogOculusPluginWrapper: OculusPlugin initialized successfully
LogHMD: Failed initializing OVRPlugin 1.59.0
LogInit: Build: ++UE4+Release-4.27-CL-18319896
LogInit: Engine Version: 4.27.2-18319896+++UE4+Release-4.27
LogInit: Compatible Engine Version: 4.27.0-17155196+++UE4+Release-4.27
LogInit: Net CL: 17155196
LogInit: OS: Windows 10 (Release 2009) (), CPU: AMD Ryzen 5 3400G with Radeon Vega Graphics    , GPU: Radeon RX550/550 Series
LogInit: Compiled (64-bit): Nov 30 2021 07:12:08
LogInit: Compiled with Visual C++: 19.24.28315.00
LogInit: Build Configuration: Development
LogInit: Branch Name: ++UE4+Release-4.27
LogInit: Command Line: 
LogInit: Base Directory: D:/epic/UE_4.27/Engine/Binaries/Win64/
LogInit: Allocator: TBB
LogInit: Installed Engine Build: 1
LogDevObjectVersion: Number of dev versions registered: 29
LogDevObjectVersion:   Dev-Blueprints (B0D832E4-1F89-4F0D-ACCF-7EB736FD4AA2): 10
LogDevObjectVersion:   Dev-Build (E1C64328-A22C-4D53-A36C-8E866417BD8C): 0
LogDevObjectVersion:   Dev-Core (375EC13C-06E4-48FB-B500-84F0262A717E): 4
LogDevObjectVersion:   Dev-Editor (E4B068ED-F494-42E9-A231-DA0B2E46BB41): 40
LogDevObjectVersion:   Dev-Framework (CFFC743F-43B0-4480-9391-14DF171D2073): 37
LogDevObjectVersion:   Dev-Mobile (B02B49B5-BB20-44E9-A304-32B752E40360): 3
LogDevObjectVersion:   Dev-Networking (A4E4105C-59A1-49B5-A7C5-40C4547EDFEE): 0
LogDevObjectVersion:   Dev-Online (39C831C9-5AE6-47DC-9A44-9C173E1C8E7C): 0
LogDevObjectVersion:   Dev-Physics (78F01B33-EBEA-4F98-B9B4-84EACCB95AA2): 14
LogDevObjectVersion:   Dev-Platform (6631380F-2D4D-43E0-8009-CF276956A95A): 0
LogDevObjectVersion:   Dev-Rendering (12F88B9F-8875-4AFC-A67C-D90C383ABD29): 45
LogDevObjectVersion:   Dev-Sequencer (7B5AE74C-D270-4C10-A958-57980B212A5A): 13
LogDevObjectVersion:   Dev-VR (D7296918-1DD6-4BDD-9DE2-64A83CC13884): 3
LogDevObjectVersion:   Dev-LoadTimes (C2A15278-BFE7-4AFE-6C17-90FF531DF755): 1
LogDevObjectVersion:   Private-Geometry (6EACA3D4-40EC-4CC1-B786-8BED09428FC5): 3
LogDevObjectVersion:   Dev-AnimPhys (29E575DD-E0A3-4627-9D10-D276232CDCEA): 17
LogDevObjectVersion:   Dev-Anim (AF43A65D-7FD3-4947-9873-3E8ED9C1BB05): 15
LogDevObjectVersion:   Dev-ReflectionCapture (6B266CEC-1EC7-4B8F-A30B-E4D90942FC07): 1
LogDevObjectVersion:   Dev-Automation (0DF73D61-A23F-47EA-B727-89E90C41499A): 1
LogDevObjectVersion:   FortniteMain (601D1886-AC64-4F84-AA16-D3DE0DEAC7D6): 47
LogDevObjectVersion:   FortniteRelease (E7086368-6B23-4C58-8439-1B7016265E91): 1
LogDevObjectVersion:   Dev-Enterprise (9DFFBCD6-494F-0158-E221-12823C92A888): 10
LogDevObjectVersion:   Dev-Niagara (F2AED0AC-9AFE-416F-8664-AA7FFA26D6FC): 1
LogDevObjectVersion:   Dev-Destruction (174F1F0B-B4C6-45A5-B13F-2EE8D0FB917D): 10
LogDevObjectVersion:   Dev-Physics-Ext (35F94A83-E258-406C-A318-09F59610247C): 41
LogDevObjectVersion:   Dev-PhysicsMaterial-Chaos (B68FC16E-8B1B-42E2-B453-215C058844FE): 1
LogDevObjectVersion:   Dev-CineCamera (B2E18506-4273-CFC2-A54E-F4BB758BBA07): 1
LogDevObjectVersion:   Dev-VirtualProduction (64F58936-FD1B-42BA-BA96-7289D5D0FA4E): 1
LogDevObjectVersion:   Dev-MediaFramework (6F0ED827-A609-4895-9C91-998D90180EA4): 2
LogInit: Presizing for max 25165824 objects, including 0 objects not considered by GC, pre-allocating 0 bytes for permanent pool.
LogConfig: Applying CVar settings from Section [/Script/Engine.StreamingSettings] File [C:/Users/stras/OneDrive/work garbage/BALLPROJECT/Saved/Config/Windows/Engine.ini]
LogConfig: Setting CVar [[s.MinBulkDataSizeForAsyncLoading:131072]]
LogConfig: Setting CVar [[s.AsyncLoadingThreadEnabled:0]]
LogConfig: Setting CVar [[s.EventDrivenLoaderEnabled:1]]
LogConfig: Setting CVar [[s.WarnIfTimeLimitExceeded:0]]
LogConfig: Setting CVar [[s.TimeLimitExceededMultiplier:1.5]]
LogConfig: Setting CVar [[s.TimeLimitExceededMinTime:0.005]]
LogConfig: Setting CVar [[s.UseBackgroundLevelStreaming:1]]
LogConfig: Setting CVar [[s.PriorityAsyncLoadingExtraTime:15.0]]
LogConfig: Setting CVar [[s.LevelStreamingActorsUpdateTimeLimit:5.0]]
LogConfig: Setting CVar [[s.PriorityLevelStreamingActorsUpdateExtraTime:5.0]]
LogConfig: Setting CVar [[s.LevelStreamingComponentsRegistrationGranularity:10]]
LogConfig: Setting CVar [[s.UnregisterComponentsTimeLimit:1.0]]
LogConfig: Setting CVar [[s.LevelStreamingComponentsUnregistrationGranularity:5]]
LogConfig: Setting CVar [[s.FlushStreamingOnExit:1]]
LogInit: Object subsystem initialized
LogConfig: Setting CVar [[con.DebugEarlyDefault:1]]
LogConfig: Setting CVar [[r.setres:1280x720]]
LogConfig: Setting CVar [[fx.NiagaraAllowRuntimeScalabilityChanges:1]]
[2025.01.03-20.52.15:530][  0]LogConfig: Setting CVar [[r.VSync:0]]
[2025.01.03-20.52.15:530][  0]LogConfig: Setting CVar [[r.RHICmdBypass:0]]
[2025.01.03-20.52.15:530][  0]LogConfig: Applying CVar settings from Section [/Script/Engine.RendererSettings] File [C:/Users/stras/OneDrive/work garbage/BALLPROJECT/Saved/Config/Windows/Engine.ini]
[2025.01.03-20.52.15:531][  0]LogConfig: Setting CVar [[r.GPUCrashDebugging:0]]
[2025.01.03-20.52.15:531][  0]LogConfig: Applying CVar settings from Section [/Script/Engine.RendererOverrideSettings] File [C:/Users/stras/OneDrive/work garbage/BALLPROJECT/Saved/Config/Windows/Engine.ini]
[2025.01.03-20.52.15:531][  0]LogConfig: Applying CVar settings from Section [/Script/Engine.StreamingSettings] File [C:/Users/stras/OneDrive/work garbage/BALLPROJECT/Saved/Config/Windows/Engine.ini]
[2025.01.03-20.52.15:531][  0]LogConfig: Setting CVar [[s.MinBulkDataSizeForAsyncLoading:131072]]
[2025.01.03-20.52.15:531][  0]LogConfig: Setting CVar [[s.AsyncLoadingThreadEnabled:0]]
[2025.01.03-20.52.15:531][  0]LogConfig: Setting CVar [[s.EventDrivenLoaderEnabled:1]]
[2025.01.03-20.52.15:531][  0]LogConfig: Setting CVar [[s.WarnIfTimeLimitExceeded:0]]
[2025.01.03-20.52.15:531][  0]LogConfig: Setting CVar [[s.TimeLimitExceededMultiplier:1.5]]
[2025.01.03-20.52.15:531][  0]LogConfig: Setting CVar [[s.TimeLimitExceededMinTime:0.005]]
[2025.01.03-20.52.15:531][  0]LogConfig: Setting CVar [[s.UseBackgroundLevelStreaming:1]]
[2025.01.03-20.52.15:531][  0]LogConfig: Setting CVar [[s.PriorityAsyncLoadingExtraTime:15.0]]
[2025.01.03-20.52.15:531][  0]LogConfig: Setting CVar [[s.LevelStreamingActorsUpdateTimeLimit:5.0]]
[2025.01.03-20.52.15:531][  0]LogConfig: Setting CVar [[s.PriorityLevelStreamingActorsUpdateExtraTime:5.0]]
[2025.01.03-20.52.15:531][  0]LogConfig: Setting CVar [[s.LevelStreamingComponentsRegistrationGranularity:10]]
[2025.01.03-20.52.15:531][  0]LogConfig: Setting CVar [[s.UnregisterComponentsTimeLimit:1.0]]
[2025.01.03-20.52.15:531][  0]LogConfig: Setting CVar [[s.LevelStreamingComponentsUnregistrationGranularity:5]]
[2025.01.03-20.52.15:531][  0]LogConfig: Setting CVar [[s.FlushStreamingOnExit:1]]
[2025.01.03-20.52.15:531][  0]LogConfig: Applying CVar settings from Section [/Script/Engine.GarbageCollectionSettings] File [C:/Users/stras/OneDrive/work garbage/BALLPROJECT/Saved/Config/Windows/Engine.ini]
[2025.01.03-20.52.15:531][  0]LogConfig: Setting CVar [[gc.MaxObjectsNotConsideredByGC:1]]
[2025.01.03-20.52.15:531][  0]LogConfig: Setting CVar [[gc.SizeOfPermanentObjectPool:0]]
[2025.01.03-20.52.15:531][  0]LogConfig: Setting CVar [[gc.FlushStreamingOnGC:0]]
[2025.01.03-20.52.15:531][  0]LogConfig: Setting CVar [[gc.NumRetriesBeforeForcingGC:10]]
[2025.01.03-20.52.15:531][  0]LogConfig: Setting CVar [[gc.AllowParallelGC:1]]
[2025.01.03-20.52.15:531][  0]LogConfig: Setting CVar [[gc.TimeBetweenPurgingPendingKillObjects:61.1]]
[2025.01.03-20.52.15:531][  0]LogConfig: Setting CVar [[gc.MaxObjectsInEditor:25165824]]
[2025.01.03-20.52.15:531][  0]LogConfig: Setting CVar [[gc.IncrementalBeginDestroyEnabled:1]]
[2025.01.03-20.52.15:531][  0]LogConfig: Setting CVar [[gc.CreateGCClusters:1]]
[2025.01.03-20.52.15:531][  0]LogConfig: Setting CVar [[gc.MinGCClusterSize:5]]
[2025.01.03-20.52.15:531][  0]LogConfig: Setting CVar [[gc.ActorClusteringEnabled:0]]
[2025.01.03-20.52.15:531][  0]LogConfig: Setting CVar [[gc.BlueprintClusteringEnabled:0]]
[2025.01.03-20.52.15:531][  0]LogConfig: Setting CVar [[gc.UseDisregardForGCOnDedicatedServers:0]]
[2025.01.03-20.52.15:531][  0]LogConfig: Setting CVar [[gc.MultithreadedDestructionEnabled:1]]
[2025.01.03-20.52.15:531][  0]LogConfig: Applying CVar settings from Section [/Script/Engine.NetworkSettings] File [C:/Users/stras/OneDrive/work garbage/BALLPROJECT/Saved/Config/Windows/Engine.ini]
[2025.01.03-20.52.15:531][  0]LogConfig: Applying CVar settings from Section [/Script/UnrealEd.CookerSettings] File [C:/Users/stras/OneDrive/work garbage/BALLPROJECT/Saved/Config/Windows/Engine.ini]
[2025.01.03-20.52.15:537][  0]LogConfig: Applying CVar settings from Section [ViewDistanceQuality@3] File [C:/Users/stras/OneDrive/work garbage/BALLPROJECT/Saved/Config/Windows/Scalability.ini]
[2025.01.03-20.52.15:537][  0]LogConfig: Setting CVar [[r.SkeletalMeshLODBias:0]]
[2025.01.03-20.52.15:537][  0]LogConfig: Setting CVar [[r.ViewDistanceScale:1.0]]
[2025.01.03-20.52.15:537][  0]LogConfig: Applying CVar settings from Section [AntiAliasingQuality@3] File [C:/Users/stras/OneDrive/work garbage/BALLPROJECT/Saved/Config/Windows/Scalability.ini]
[2025.01.03-20.52.15:537][  0]LogConfig: Setting CVar [[r.PostProcessAAQuality:4]]
[2025.01.03-20.52.15:537][  0]LogConfig: Applying CVar settings from Section [ShadowQuality@3] File [C:/Users/stras/OneDrive/work garbage/BALLPROJECT/Saved/Config/Windows/Scalability.ini]
[2025.01.03-20.52.15:537][  0]LogConfig: Setting CVar [[r.LightFunctionQuality:1]]
[2025.01.03-20.52.15:537][  0]LogConfig: Setting CVar [[r.ShadowQuality:5]]
[2025.01.03-20.52.15:537][  0]LogConfig: Setting CVar [[r.Shadow.CSM.MaxCascades:10]]
[2025.01.03-20.52.15:537][  0]LogConfig: Setting CVar [[r.Shadow.MaxResolution:2048]]
[2025.01.03-20.52.15:537][  0]LogConfig: Setting CVar [[r.Shadow.MaxCSMResolution:2048]]
[2025.01.03-20.52.15:537][  0]LogConfig: Setting CVar [[r.Shadow.RadiusThreshold:0.01]]
[2025.01.03-20.52.15:537][  0]LogConfig: Setting CVar [[r.Shadow.DistanceScale:1.0]]
[2025.01.03-20.52.15:537][  0]LogConfig: Setting CVar [[r.Shadow.CSM.TransitionScale:1.0]]
[2025.01.03-20.52.15:537][  0]LogConfig: Setting CVar [[r.Shadow.PreShadowResolutionFactor:1.0]]
[2025.01.03-20.52.15:537][  0]LogConfig: Setting CVar [[r.DistanceFieldShadowing:1]]
[2025.01.03-20.52.15:537][  0]LogConfig: Setting CVar [[r.DistanceFieldAO:1]]
[2025.01.03-20.52.15:537][  0]LogConfig: Setting CVar [[r.AOQuality:2]]
[2025.01.03-20.52.15:537][  0]LogConfig: Setting CVar [[r.VolumetricFog:1]]
[2025.01.03-20.52.15:537][  0]LogConfig: Setting CVar [[r.VolumetricFog.GridPixelSize:8]]
[2025.01.03-20.52.15:537][  0]LogConfig: Setting CVar [[r.VolumetricFog.GridSizeZ:128]]
[2025.01.03-20.52.15:537][  0]LogConfig: Setting CVar [[r.VolumetricFog.HistoryMissSupersampleCount:4]]
[2025.01.03-20.52.15:537][  0]LogConfig: Setting CVar [[r.LightMaxDrawDistanceScale:1]]
[2025.01.03-20.52.15:537][  0]LogConfig: Setting CVar [[r.CapsuleShadows:1]]
[2025.01.03-20.52.15:537][  0]LogConfig: Applying CVar settings from Section [PostProcessQuality@3] File [C:/Users/stras/OneDrive/work garbage/BALLPROJECT/Saved/Config/Windows/Scalability.ini]
[2025.01.03-20.52.15:537][  0]LogConfig: Setting CVar [[r.MotionBlurQuality:4]]
[2025.01.03-20.52.15:537][  0]LogConfig: Setting CVar [[r.AmbientOcclusionMipLevelFactor:0.4]]
[2025.01.03-20.52.15:537][  0]LogConfig: Setting CVar [[r.AmbientOcclusionMaxQuality:100]]
[2025.01.03-20.52.15:537][  0]LogConfig: Setting CVar [[r.AmbientOcclusionLevels:-1]]
[2025.01.03-20.52.15:537][  0]LogConfig: Setting CVar [[r.AmbientOcclusionRadiusScale:1.0]]
[2025.01.03-20.52.15:537][  0]LogConfig: Setting CVar [[r.DepthOfFieldQuality:2]]
[2025.01.03-20.52.15:537][  0]LogConfig: Setting CVar [[r.RenderTargetPoolMin:400]]
[2025.01.03-20.52.15:538][  0]LogConfig: Setting CVar [[r.LensFlareQuality:2]]
[2025.01.03-20.52.15:538][  0]LogConfig: Setting CVar [[r.SceneColorFringeQuality:1]]
[2025.01.03-20.52.15:538][  0]LogConfig: Setting CVar [[r.EyeAdaptationQuality:2]]
[2025.01.03-20.52.15:538][  0]LogConfig: Setting CVar [[r.BloomQuality:5]]
[2025.01.03-20.52.15:538][  0]LogConfig: Setting CVar [[r.FastBlurThreshold:100]]
[2025.01.03-20.52.15:538][  0]LogConfig: Setting CVar [[r.Upscale.Quality:3]]
[2025.01.03-20.52.15:538][  0]LogConfig: Setting CVar [[r.Tonemapper.GrainQuantization:1]]
[2025.01.03-20.52.15:538][  0]LogConfig: Setting CVar [[r.LightShaftQuality:1]]
[2025.01.03-20.52.15:538][  0]LogConfig: Setting CVar [[r.Filter.SizeScale:1]]
[2025.01.03-20.52.15:538][  0]LogConfig: Setting CVar [[r.Tonemapper.Quality:5]]
[2025.01.03-20.52.15:538][  0]LogConfig: Setting CVar [[r.DOF.Gather.AccumulatorQuality:1        ; higher gathering accumulator quality]]
[2025.01.03-20.52.15:538][  0]LogConfig: Setting CVar [[r.DOF.Gather.PostfilterMethod:1          ; Median3x3 postfilering method]]
[2025.01.03-20.52.15:538][  0]LogConfig: Setting CVar [[r.DOF.Gather.EnableBokehSettings:0       ; no bokeh simulation when gathering]]
[2025.01.03-20.52.15:538][  0]LogConfig: Setting CVar [[r.DOF.Gather.RingCount:4                 ; medium number of samples when gathering]]
[2025.01.03-20.52.15:538][  0]LogConfig: Setting CVar [[r.DOF.Scatter.ForegroundCompositing:1    ; additive foreground scattering]]
[2025.01.03-20.52.15:538][  0]LogConfig: Setting CVar [[r.DOF.Scatter.BackgroundCompositing:2    ; additive background scattering]]
[2025.01.03-20.52.15:538][  0]LogConfig: Setting CVar [[r.DOF.Scatter.EnableBokehSettings:1      ; bokeh simulation when scattering]]
[2025.01.03-20.52.15:538][  0]LogConfig: Setting CVar [[r.DOF.Scatter.MaxSpriteRatio:0.1         ; only a maximum of 10% of scattered bokeh]]
[2025.01.03-20.52.15:538][  0]LogConfig: Setting CVar [[r.DOF.Recombine.Quality:1                ; cheap slight out of focus]]
[2025.01.03-20.52.15:538][  0]LogConfig: Setting CVar [[r.DOF.Recombine.EnableBokehSettings:0    ; no bokeh simulation on slight out of focus]]
[2025.01.03-20.52.15:538][  0]LogConfig: Setting CVar [[r.DOF.TemporalAAQuality:1                ; more stable temporal accumulation]]
[2025.01.03-20.52.15:538][  0]LogConfig: Setting CVar [[r.DOF.Kernel.MaxForegroundRadius:0.025]]
[2025.01.03-20.52.15:538][  0]LogConfig: Setting CVar [[r.DOF.Kernel.MaxBackgroundRadius:0.025]]
[2025.01.03-20.52.15:538][  0]LogConfig: Applying CVar settings from Section [TextureQuality@3] File [C:/Users/stras/OneDrive/work garbage/BALLPROJECT/Saved/Config/Windows/Scalability.ini]
[2025.01.03-20.52.15:538][  0]LogConfig: Setting CVar [[r.Streaming.MipBias:0]]
[2025.01.03-20.52.15:538][  0]LogConfig: Setting CVar [[r.Streaming.AmortizeCPUToGPUCopy:0]]
[2025.01.03-20.52.15:538][  0]LogConfig: Setting CVar [[r.Streaming.MaxNumTexturesToStreamPerFrame:0]]
[2025.01.03-20.52.15:538][  0]LogConfig: Setting CVar [[r.Streaming.Boost:1]]
[2025.01.03-20.52.15:538][  0]LogConfig: Setting CVar [[r.MaxAnisotropy:8]]
[2025.01.03-20.52.15:538][  0]LogConfig: Setting CVar [[r.VT.MaxAnisotropy:8]]
[2025.01.03-20.52.15:538][  0]LogConfig: Setting CVar [[r.Streaming.LimitPoolSizeToVRAM:0]]
[2025.01.03-20.52.15:538][  0]LogConfig: Setting CVar [[r.Streaming.PoolSize:1000]]
[2025.01.03-20.52.15:538][  0]LogConfig: Setting CVar [[r.Streaming.MaxEffectiveScreenSize:0]]
[2025.01.03-20.52.15:538][  0]LogConfig: Applying CVar settings from Section [EffectsQuality@3] File [C:/Users/stras/OneDrive/work garbage/BALLPROJECT/Saved/Config/Windows/Scalability.ini]
[2025.01.03-20.52.15:538][  0]LogConfig: Setting CVar [[r.TranslucencyLightingVolumeDim:64]]
[2025.01.03-20.52.15:538][  0]LogConfig: Setting CVar [[r.RefractionQuality:2]]
[2025.01.03-20.52.15:538][  0]LogConfig: Setting CVar [[r.SSR.Quality:3]]
[2025.01.03-20.52.15:538][  0]LogConfig: Setting CVar [[r.SSR.HalfResSceneColor:0]]
[2025.01.03-20.52.15:538][  0]LogConfig: Setting CVar [[r.SceneColorFormat:4]]
[2025.01.03-20.52.15:538][  0]LogConfig: Setting CVar [[r.DetailMode:2]]
[2025.01.03-20.52.15:538][  0]LogConfig: Setting CVar [[r.TranslucencyVolumeBlur:1]]
[2025.01.03-20.52.15:538][  0]LogConfig: Setting CVar [[r.MaterialQualityLevel:1 ; High quality]]
[2025.01.03-20.52.15:538][  0]LogConfig: Setting CVar [[r.AnisotropicMaterials:1]]
[2025.01.03-20.52.15:538][  0]LogConfig: Setting CVar [[r.SSS.Scale:1]]
[2025.01.03-20.52.15:538][  0]LogConfig: Setting CVar [[r.SSS.SampleSet:2]]
[2025.01.03-20.52.15:538][  0]LogConfig: Setting CVar [[r.SSS.Quality:1]]
[2025.01.03-20.52.15:538][  0]LogConfig: Setting CVar [[r.SSS.HalfRes:0]]
[2025.01.03-20.52.15:538][  0]LogConfig: Setting CVar [[r.SSGI.Quality:3]]
[2025.01.03-20.52.15:538][  0]LogConfig: Setting CVar [[r.EmitterSpawnRateScale:1.0]]
[2025.01.03-20.52.15:538][  0]LogConfig: Setting CVar [[r.ParticleLightQuality:2]]
[2025.01.03-20.52.15:538][  0]LogConfig: Setting CVar [[r.SkyAtmosphere.AerialPerspectiveLUT.FastApplyOnOpaque:1 ; Always have FastSkyLUT 1 in this case to avoid wrong sky]]
[2025.01.03-20.52.15:538][  0]LogConfig: Setting CVar [[r.SkyAtmosphere.AerialPerspectiveLUT.SampleCountMaxPerSlice:4]]
[2025.01.03-20.52.15:538][  0]LogConfig: Setting CVar [[r.SkyAtmosphere.AerialPerspectiveLUT.DepthResolution:16.0]]
[2025.01.03-20.52.15:538][  0]LogConfig: Setting CVar [[r.SkyAtmosphere.FastSkyLUT:1]]
[2025.01.03-20.52.15:538][  0]LogConfig: Setting CVar [[r.SkyAtmosphere.FastSkyLUT.SampleCountMin:4.0]]
[2025.01.03-20.52.15:538][  0]LogConfig: Setting CVar [[r.SkyAtmosphere.FastSkyLUT.SampleCountMax:128.0]]
[2025.01.03-20.52.15:538][  0]LogConfig: Setting CVar [[r.SkyAtmosphere.SampleCountMin:4.0]]
[2025.01.03-20.52.15:538][  0]LogConfig: Setting CVar [[r.SkyAtmosphere.SampleCountMax:128.0]]
[2025.01.03-20.52.15:538][  0]LogConfig: Setting CVar [[r.SkyAtmosphere.TransmittanceLUT.UseSmallFormat:0]]
[2025.01.03-20.52.15:538][  0]LogConfig: Setting CVar [[r.SkyAtmosphere.TransmittanceLUT.SampleCount:10.0]]
[2025.01.03-20.52.15:538][  0]LogConfig: Setting CVar [[r.SkyAtmosphere.MultiScatteringLUT.SampleCount:15.0]]
[2025.01.03-20.52.15:538][  0]LogConfig: Setting CVar [[r.SkyLight.RealTimeReflectionCapture:1]]
[2025.01.03-20.52.15:539][  0]LogConfig: Setting CVar [[fx.Niagara.QualityLevel:3]]
[2025.01.03-20.52.15:539][  0]LogConfig: Applying CVar settings from Section [FoliageQuality@3] File [C:/Users/stras/OneDrive/work garbage/BALLPROJECT/Saved/Config/Windows/Scalability.ini]
[2025.01.03-20.52.15:539][  0]LogConfig: Setting CVar [[foliage.DensityScale:1.0]]
[2025.01.03-20.52.15:539][  0]LogConfig: Setting CVar [[grass.DensityScale:1.0]]
[2025.01.03-20.52.15:539][  0]LogConfig: Applying CVar settings from Section [ShadingQuality@3] File [C:/Users/stras/OneDrive/work garbage/BALLPROJECT/Saved/Config/Windows/Scalability.ini]
[2025.01.03-20.52.15:539][  0]LogConfig: Setting CVar [[r.HairStrands.SkyLighting.IntegrationType:2]]
[2025.01.03-20.52.15:539][  0]LogConfig: Setting CVar [[r.HairStrands.SkyAO.SampleCount:4]]
[2025.01.03-20.52.15:539][  0]LogConfig: Setting CVar [[r.HairStrands.Visibility.MSAA.SamplePerPixel:4]]
[2025.01.03-20.52.15:539][  0]LogConfig: Setting CVar [[r.HairStrands.Interpolation.UseSingleGuide:0]]
[2025.01.03-20.52.15:539][  0]LogInit: Selected Device Profile: [Windows]
[2025.01.03-20.52.15:539][  0]LogInit: Applying CVar settings loaded from the selected device profile: [Windows]
[2025.01.03-20.52.15:539][  0]LogHAL: Display: Platform has ~ 16 GB [17125625856 / 17179869184 / 16], which maps to Larger [LargestMinGB=32, LargerMinGB=12, DefaultMinGB=8, SmallerMinGB=6, SmallestMinGB=0)
[2025.01.03-20.52.15:539][  0]LogInit: Going up to parent DeviceProfile []
[2025.01.03-20.52.15:539][  0]LogConfig: Applying CVar settings from Section [ViewDistanceQuality@3] File [C:/Users/stras/OneDrive/work garbage/BALLPROJECT/Saved/Config/Windows/Scalability.ini]
[2025.01.03-20.52.15:539][  0]LogConfig: Setting CVar [[r.SkeletalMeshLODBias:0]]
[2025.01.03-20.52.15:539][  0]LogConfig: Setting CVar [[r.ViewDistanceScale:1.0]]
[2025.01.03-20.52.15:539][  0]LogConfig: Applying CVar settings from Section [AntiAliasingQuality@3] File [C:/Users/stras/OneDrive/work garbage/BALLPROJECT/Saved/Config/Windows/Scalability.ini]
[2025.01.03-20.52.15:539][  0]LogConfig: Setting CVar [[r.PostProcessAAQuality:4]]
[2025.01.03-20.52.15:539][  0]LogConfig: Applying CVar settings from Section [ShadowQuality@3] File [C:/Users/stras/OneDrive/work garbage/BALLPROJECT/Saved/Config/Windows/Scalability.ini]
[2025.01.03-20.52.15:539][  0]LogConfig: Setting CVar [[r.LightFunctionQuality:1]]
[2025.01.03-20.52.15:539][  0]LogConfig: Setting CVar [[r.ShadowQuality:5]]
[2025.01.03-20.52.15:539][  0]LogConfig: Setting CVar [[r.Shadow.CSM.MaxCascades:10]]
[2025.01.03-20.52.15:539][  0]LogConfig: Setting CVar [[r.Shadow.MaxResolution:2048]]
[2025.01.03-20.52.15:539][  0]LogConfig: Setting CVar [[r.Shadow.MaxCSMResolution:2048]]
[2025.01.03-20.52.15:539][  0]LogConfig: Setting CVar [[r.Shadow.RadiusThreshold:0.01]]
[2025.01.03-20.52.15:539][  0]LogConfig: Setting CVar [[r.Shadow.DistanceScale:1.0]]
[2025.01.03-20.52.15:539][  0]LogConfig: Setting CVar [[r.Shadow.CSM.TransitionScale:1.0]]
[2025.01.03-20.52.15:539][  0]LogConfig: Setting CVar [[r.Shadow.PreShadowResolutionFactor:1.0]]
[2025.01.03-20.52.15:539][  0]LogConfig: Setting CVar [[r.DistanceFieldShadowing:1]]
[2025.01.03-20.52.15:539][  0]LogConfig: Setting CVar [[r.DistanceFieldAO:1]]
[2025.01.03-20.52.15:539][  0]LogConfig: Setting CVar [[r.AOQuality:2]]
[2025.01.03-20.52.15:539][  0]LogConfig: Setting CVar [[r.VolumetricFog:1]]
[2025.01.03-20.52.15:539][  0]LogConfig: Setting CVar [[r.VolumetricFog.GridPixelSize:8]]
[2025.01.03-20.52.15:539][  0]LogConfig: Setting CVar [[r.VolumetricFog.GridSizeZ:128]]
[2025.01.03-20.52.15:539][  0]LogConfig: Setting CVar [[r.VolumetricFog.HistoryMissSupersampleCount:4]]
[2025.01.03-20.52.15:539][  0]LogConfig: Setting CVar [[r.LightMaxDrawDistanceScale:1]]
[2025.01.03-20.52.15:539][  0]LogConfig: Setting CVar [[r.CapsuleShadows:1]]
[2025.01.03-20.52.15:539][  0]LogConfig: Applying CVar settings from Section [PostProcessQuality@3] File [C:/Users/stras/OneDrive/work garbage/BALLPROJECT/Saved/Config/Windows/Scalability.ini]
[2025.01.03-20.52.15:539][  0]LogConfig: Setting CVar [[r.MotionBlurQuality:4]]
[2025.01.03-20.52.15:539][  0]LogConfig: Setting CVar [[r.AmbientOcclusionMipLevelFactor:0.4]]
[2025.01.03-20.52.15:539][  0]LogConfig: Setting CVar [[r.AmbientOcclusionMaxQuality:100]]
[2025.01.03-20.52.15:539][  0]LogConfig: Setting CVar [[r.AmbientOcclusionLevels:-1]]
[2025.01.03-20.52.15:539][  0]LogConfig: Setting CVar [[r.AmbientOcclusionRadiusScale:1.0]]
[2025.01.03-20.52.15:539][  0]LogConfig: Setting CVar [[r.DepthOfFieldQuality:2]]
[2025.01.03-20.52.15:539][  0]LogConfig: Setting CVar [[r.RenderTargetPoolMin:400]]
[2025.01.03-20.52.15:539][  0]LogConfig: Setting CVar [[r.LensFlareQuality:2]]
[2025.01.03-20.52.15:539][  0]LogConfig: Setting CVar [[r.SceneColorFringeQuality:1]]
[2025.01.03-20.52.15:539][  0]LogConfig: Setting CVar [[r.EyeAdaptationQuality:2]]
[2025.01.03-20.52.15:539][  0]LogConfig: Setting CVar [[r.BloomQuality:5]]
[2025.01.03-20.52.15:539][  0]LogConfig: Setting CVar [[r.FastBlurThreshold:100]]
[2025.01.03-20.52.15:539][  0]LogConfig: Setting CVar [[r.Upscale.Quality:3]]
[2025.01.03-20.52.15:539][  0]LogConfig: Setting CVar [[r.Tonemapper.GrainQuantization:1]]
[2025.01.03-20.52.15:539][  0]LogConfig: Setting CVar [[r.LightShaftQuality:1]]
[2025.01.03-20.52.15:540][  0]LogConfig: Setting CVar [[r.Filter.SizeScale:1]]
[2025.01.03-20.52.15:540][  0]LogConfig: Setting CVar [[r.Tonemapper.Quality:5]]
[2025.01.03-20.52.15:540][  0]LogConfig: Setting CVar [[r.DOF.Gather.AccumulatorQuality:1        ; higher gathering accumulator quality]]
[2025.01.03-20.52.15:540][  0]LogConfig: Setting CVar [[r.DOF.Gather.PostfilterMethod:1          ; Median3x3 postfilering method]]
[2025.01.03-20.52.15:540][  0]LogConfig: Setting CVar [[r.DOF.Gather.EnableBokehSettings:0       ; no bokeh simulation when gathering]]
[2025.01.03-20.52.15:540][  0]LogConfig: Setting CVar [[r.DOF.Gather.RingCount:4                 ; medium number of samples when gathering]]
[2025.01.03-20.52.15:540][  0]LogConfig: Setting CVar [[r.DOF.Scatter.ForegroundCompositing:1    ; additive foreground scattering]]
[2025.01.03-20.52.15:540][  0]LogConfig: Setting CVar [[r.DOF.Scatter.BackgroundCompositing:2    ; additive background scattering]]
[2025.01.03-20.52.15:540][  0]LogConfig: Setting CVar [[r.DOF.Scatter.EnableBokehSettings:1      ; bokeh simulation when scattering]]
[2025.01.03-20.52.15:540][  0]LogConfig: Setting CVar [[r.DOF.Scatter.MaxSpriteRatio:0.1         ; only a maximum of 10% of scattered bokeh]]
[2025.01.03-20.52.15:540][  0]LogConfig: Setting CVar [[r.DOF.Recombine.Quality:1                ; cheap slight out of focus]]
[2025.01.03-20.52.15:540][  0]LogConfig: Setting CVar [[r.DOF.Recombine.EnableBokehSettings:0    ; no bokeh simulation on slight out of focus]]
[2025.01.03-20.52.15:540][  0]LogConfig: Setting CVar [[r.DOF.TemporalAAQuality:1                ; more stable temporal accumulation]]
[2025.01.03-20.52.15:540][  0]LogConfig: Setting CVar [[r.DOF.Kernel.MaxForegroundRadius:0.025]]
[2025.01.03-20.52.15:540][  0]LogConfig: Setting CVar [[r.DOF.Kernel.MaxBackgroundRadius:0.025]]
[2025.01.03-20.52.15:540][  0]LogConfig: Applying CVar settings from Section [TextureQuality@3] File [C:/Users/stras/OneDrive/work garbage/BALLPROJECT/Saved/Config/Windows/Scalability.ini]
[2025.01.03-20.52.15:540][  0]LogConfig: Setting CVar [[r.Streaming.MipBias:0]]
[2025.01.03-20.52.15:540][  0]LogConfig: Setting CVar [[r.Streaming.AmortizeCPUToGPUCopy:0]]
[2025.01.03-20.52.15:540][  0]LogConfig: Setting CVar [[r.Streaming.MaxNumTexturesToStreamPerFrame:0]]
[2025.01.03-20.52.15:540][  0]LogConfig: Setting CVar [[r.Streaming.Boost:1]]
[2025.01.03-20.52.15:540][  0]LogConfig: Setting CVar [[r.MaxAnisotropy:8]]
[2025.01.03-20.52.15:540][  0]LogConfig: Setting CVar [[r.VT.MaxAnisotropy:8]]
[2025.01.03-20.52.15:540][  0]LogConfig: Setting CVar [[r.Streaming.LimitPoolSizeToVRAM:0]]
[2025.01.03-20.52.15:540][  0]LogConfig: Setting CVar [[r.Streaming.PoolSize:1000]]
[2025.01.03-20.52.15:540][  0]LogConfig: Setting CVar [[r.Streaming.MaxEffectiveScreenSize:0]]
[2025.01.03-20.52.15:540][  0]LogConfig: Applying CVar settings from Section [EffectsQuality@3] File [C:/Users/stras/OneDrive/work garbage/BALLPROJECT/Saved/Config/Windows/Scalability.ini]
[2025.01.03-20.52.15:540][  0]LogConfig: Setting CVar [[r.TranslucencyLightingVolumeDim:64]]
[2025.01.03-20.52.15:540][  0]LogConfig: Setting CVar [[r.RefractionQuality:2]]
[2025.01.03-20.52.15:540][  0]LogConfig: Setting CVar [[r.SSR.Quality:3]]
[2025.01.03-20.52.15:540][  0]LogConfig: Setting CVar [[r.SSR.HalfResSceneColor:0]]
[2025.01.03-20.52.15:540][  0]LogConfig: Setting CVar [[r.SceneColorFormat:4]]
[2025.01.03-20.52.15:540][  0]LogConfig: Setting CVar [[r.DetailMode:2]]
[2025.01.03-20.52.15:540][  0]LogConfig: Setting CVar [[r.TranslucencyVolumeBlur:1]]
[2025.01.03-20.52.15:540][  0]LogConfig: Setting CVar [[r.MaterialQualityLevel:1 ; High quality]]
[2025.01.03-20.52.15:540][  0]LogConfig: Setting CVar [[r.AnisotropicMaterials:1]]
[2025.01.03-20.52.15:540][  0]LogConfig: Setting CVar [[r.SSS.Scale:1]]
[2025.01.03-20.52.15:540][  0]LogConfig: Setting CVar [[r.SSS.SampleSet:2]]
[2025.01.03-20.52.15:540][  0]LogConfig: Setting CVar [[r.SSS.Quality:1]]
[2025.01.03-20.52.15:540][  0]LogConfig: Setting CVar [[r.SSS.HalfRes:0]]
[2025.01.03-20.52.15:540][  0]LogConfig: Setting CVar [[r.SSGI.Quality:3]]
[2025.01.03-20.52.15:540][  0]LogConfig: Setting CVar [[r.EmitterSpawnRateScale:1.0]]
[2025.01.03-20.52.15:540][  0]LogConfig: Setting CVar [[r.ParticleLightQuality:2]]
[2025.01.03-20.52.15:540][  0]LogConfig: Setting CVar [[r.SkyAtmosphere.AerialPerspectiveLUT.FastApplyOnOpaque:1 ; Always have FastSkyLUT 1 in this case to avoid wrong sky]]
[2025.01.03-20.52.15:540][  0]LogConfig: Setting CVar [[r.SkyAtmosphere.AerialPerspectiveLUT.SampleCountMaxPerSlice:4]]
[2025.01.03-20.52.15:540][  0]LogConfig: Setting CVar [[r.SkyAtmosphere.AerialPerspectiveLUT.DepthResolution:16.0]]
[2025.01.03-20.52.15:540][  0]LogConfig: Setting CVar [[r.SkyAtmosphere.FastSkyLUT:1]]
[2025.01.03-20.52.15:540][  0]LogConfig: Setting CVar [[r.SkyAtmosphere.FastSkyLUT.SampleCountMin:4.0]]
[2025.01.03-20.52.15:540][  0]LogConfig: Setting CVar [[r.SkyAtmosphere.FastSkyLUT.SampleCountMax:128.0]]
[2025.01.03-20.52.15:540][  0]LogConfig: Setting CVar [[r.SkyAtmosphere.SampleCountMin:4.0]]
[2025.01.03-20.52.15:540][  0]LogConfig: Setting CVar [[r.SkyAtmosphere.SampleCountMax:128.0]]
[2025.01.03-20.52.15:540][  0]LogConfig: Setting CVar [[r.SkyAtmosphere.TransmittanceLUT.UseSmallFormat:0]]
[2025.01.03-20.52.15:540][  0]LogConfig: Setting CVar [[r.SkyAtmosphere.TransmittanceLUT.SampleCount:10.0]]
[2025.01.03-20.52.15:540][  0]LogConfig: Setting CVar [[r.SkyAtmosphere.MultiScatteringLUT.SampleCount:15.0]]
[2025.01.03-20.52.15:540][  0]LogConfig: Setting CVar [[r.SkyLight.RealTimeReflectionCapture:1]]
[2025.01.03-20.52.15:540][  0]LogConfig: Setting CVar [[fx.Niagara.QualityLevel:3]]
[2025.01.03-20.52.15:540][  0]LogConfig: Applying CVar settings from Section [FoliageQuality@3] File [C:/Users/stras/OneDrive/work garbage/BALLPROJECT/Saved/Config/Windows/Scalability.ini]
[2025.01.03-20.52.15:540][  0]LogConfig: Setting CVar [[foliage.DensityScale:1.0]]
[2025.01.03-20.52.15:540][  0]LogConfig: Setting CVar [[grass.DensityScale:1.0]]
[2025.01.03-20.52.15:540][  0]LogConfig: Applying CVar settings from Section [ShadingQuality@3] File [C:/Users/stras/OneDrive/work garbage/BALLPROJECT/Saved/Config/Windows/Scalability.ini]
[2025.01.03-20.52.15:540][  0]LogConfig: Setting CVar [[r.HairStrands.SkyLighting.IntegrationType:2]]
[2025.01.03-20.52.15:540][  0]LogConfig: Setting CVar [[r.HairStrands.SkyAO.SampleCount:4]]
[2025.01.03-20.52.15:540][  0]LogConfig: Setting CVar [[r.HairStrands.Visibility.MSAA.SamplePerPixel:4]]
[2025.01.03-20.52.15:540][  0]LogConfig: Setting CVar [[r.HairStrands.Interpolation.UseSingleGuide:0]]
[2025.01.03-20.52.15:540][  0]LogConfig: Applying CVar settings from Section [Startup] File [../../../Engine/Config/ConsoleVariables.ini]
[2025.01.03-20.52.15:579][  0]LogConfig: Setting CVar [[net.UseAdaptiveNetUpdateFrequency:0]]
[2025.01.03-20.52.15:579][  0]LogConfig: Setting CVar [[p.chaos.AllowCreatePhysxBodies:1]]
[2025.01.03-20.52.15:579][  0]LogConfig: Setting CVar [[fx.SkipVectorVMBackendOptimizations:1]]
[2025.01.03-20.52.15:579][  0]LogConfig: Applying CVar settings from Section [ConsoleVariables] File [C:/Users/stras/OneDrive/work garbage/BALLPROJECT/Saved/Config/Windows/Engine.ini]
[2025.01.03-20.52.15:579][  0]LogConfig: Applying CVar settings from Section [ConsoleVariables] File [C:/Users/stras/OneDrive/work garbage/BALLPROJECT/Saved/Config/Windows/Editor.ini]
[2025.01.03-20.52.15:579][  0]LogInit: Computer: DESKTOP-780TUB2
[2025.01.03-20.52.15:579][  0]LogInit: User: stras
[2025.01.03-20.52.15:579][  0]LogInit: CPU Page size=4096, Cores=4
[2025.01.03-20.52.15:579][  0]LogInit: High frequency timer resolution =10.000000 MHz
[2025.01.03-20.52.15:579][  0]LogMemory: Memory total: Physical=15.9GB (16GB approx)
[2025.01.03-20.52.15:579][  0]LogMemory: Platform Memory Stats for Windows
[2025.01.03-20.52.15:579][  0]LogMemory: Process Physical Memory: 146.05 MB used, 146.06 MB peak
[2025.01.03-20.52.15:579][  0]LogMemory: Process Virtual Memory: 128.80 MB used, 128.80 MB peak
[2025.01.03-20.52.15:579][  0]LogMemory: Physical Memory: 10864.36 MB used,  5467.91 MB free, 16332.27 MB total
[2025.01.03-20.52.15:579][  0]LogMemory: Virtual Memory: 134214080.00 MB used,  3649.20 MB free, 134217728.00 MB total
[2025.01.03-20.52.15:587][  0]LogWindows: WindowsPlatformFeatures enabled
[2025.01.03-20.52.15:615][  0]LogInit: Physics initialised using underlying interface: PhysX
[2025.01.03-20.52.15:616][  0]LogInit: Using OS detected language (pl-PL).
[2025.01.03-20.52.15:616][  0]LogInit: Using OS detected locale (pl-PL).
[2025.01.03-20.52.15:620][  0]LogTextLocalizationManager: No specific localization for 'pl-PL' exists, so the 'pl' localization will be used.
[2025.01.03-20.52.15:620][  0]LogTextLocalizationResource: LocRes '../../../Engine/Content/Localization/Editor/pl/Editor.locres' could not be opened for reading!
[2025.01.03-20.52.15:620][  0]LogTextLocalizationResource: LocRes '../../../Engine/Content/Localization/EditorTutorials/pl/EditorTutorials.locres' could not be opened for reading!
[2025.01.03-20.52.15:620][  0]LogTextLocalizationResource: LocRes '../../../Engine/Content/Localization/Keywords/pl/Keywords.locres' could not be opened for reading!
[2025.01.03-20.52.15:620][  0]LogTextLocalizationResource: LocRes '../../../Engine/Content/Localization/Category/pl/Category.locres' could not be opened for reading!
[2025.01.03-20.52.15:620][  0]LogTextLocalizationResource: LocRes '../../../Engine/Content/Localization/ToolTips/pl/ToolTips.locres' could not be opened for reading!
[2025.01.03-20.52.15:621][  0]LogTextLocalizationResource: LocRes '../../../Engine/Content/Localization/PropertyNames/pl/PropertyNames.locres' could not be opened for reading!
[2025.01.03-20.52.15:621][  0]LogTextLocalizationResource: LocRes '../../../Engine/Content/Localization/Engine/pl/Engine.locres' could not be opened for reading!
[2025.01.03-20.52.15:775][  0]LogInit: Setting process to per monitor DPI aware
[2025.01.03-20.52.15:857][  0]LogWindowsTextInputMethodSystem: Display: IME system deactivated.
[2025.01.03-20.52.15:956][  0]LogSlate: New Slate User Created.  User Index 0, Is Virtual User: 0
[2025.01.03-20.52.15:956][  0]LogSlate: Slate User Registered.  User Index 0, Is Virtual User: 0
[2025.01.03-20.52.19:744][  0]LogD3D11RHI: Loaded GFSDK_Aftermath_Lib.x64.dll
[2025.01.03-20.52.19:748][  0]LogHMD: Failed to initialize OpenVR with code 110
[2025.01.03-20.52.19:748][  0]LogD3D11RHI: D3D11 min allowed feature level: 11_0
[2025.01.03-20.52.19:748][  0]LogD3D11RHI: D3D11 max allowed feature level: 11_0
[2025.01.03-20.52.19:748][  0]LogD3D11RHI: D3D11 adapters:
[2025.01.03-20.52.19:840][  0]LogD3D11RHI:    0. 'Radeon RX550/550 Series' (Feature Level 11_0)
[2025.01.03-20.52.19:840][  0]LogD3D11RHI:       4075/0/8166 MB DedicatedVideo/DedicatedSystem/SharedSystem, Outputs:1, VendorId:0x1002
[2025.01.03-20.52.19:843][  0]LogD3D11RHI:    1. 'Microsoft Basic Render Driver' (Feature Level 11_0)
[2025.01.03-20.52.19:843][  0]LogD3D11RHI:       0/0/8166 MB DedicatedVideo/DedicatedSystem/SharedSystem, Outputs:0, VendorId:0x1414
[2025.01.03-20.52.19:843][  0]LogD3D11RHI: Chosen D3D11 Adapter:
[2025.01.03-20.52.19:843][  0]LogD3D11RHI:     Description : Radeon RX550/550 Series
[2025.01.03-20.52.19:843][  0]LogD3D11RHI:     VendorId    : 1002
[2025.01.03-20.52.19:843][  0]LogD3D11RHI:     DeviceId    : 699f
[2025.01.03-20.52.19:843][  0]LogD3D11RHI:     SubSysId    : b041002
[2025.01.03-20.52.19:843][  0]LogD3D11RHI:     Revision    : 00c7
[2025.01.03-20.52.19:843][  0]LogD3D11RHI:     DedicatedVideoMemory : 4273987584 bytes
[2025.01.03-20.52.19:843][  0]LogD3D11RHI:     DedicatedSystemMemory : 0 bytes
[2025.01.03-20.52.19:843][  0]LogD3D11RHI:     SharedSystemMemory : 8562812928 bytes
[2025.01.03-20.52.19:843][  0]LogD3D11RHI:     AdapterLuid : 0 63320
[2025.01.03-20.52.19:851][  0]LogD3D11RHI: Creating new Direct3DDevice
[2025.01.03-20.52.19:851][  0]LogD3D11RHI:     GPU DeviceId: 0x699f (for the marketing name, search the web for "GPU Device Id")
[2025.01.03-20.52.19:851][  0]LogWindows: EnumDisplayDevices:
[2025.01.03-20.52.19:852][  0]LogWindows:    0. 'Radeon RX550/550 Series' (P:1 D:1)
[2025.01.03-20.52.19:852][  0]LogWindows:    1. 'Radeon RX550/550 Series' (P:0 D:0)
[2025.01.03-20.52.19:852][  0]LogWindows:    2. 'Radeon RX550/550 Series' (P:0 D:0)
[2025.01.03-20.52.19:853][  0]LogWindows:    3. 'Radeon RX550/550 Series' (P:0 D:0)
[2025.01.03-20.52.19:853][  0]LogWindows:    4. 'Radeon RX550/550 Series' (P:0 D:0)
[2025.01.03-20.52.19:854][  0]LogWindows:    5. 'Radeon RX550/550 Series' (P:0 D:0)
[2025.01.03-20.52.19:854][  0]LogWindows: DebugString: FoundDriverCount:6 
[2025.01.03-20.52.19:854][  0]LogD3D11RHI:     Adapter Name: Radeon RX550/550 Series
[2025.01.03-20.52.19:854][  0]LogD3D11RHI:   Driver Version: AMD Software: Adrenalin Edition 24.9.1 (internal:31.0.21921.1000, unified:31.0.21921.1000)
[2025.01.03-20.52.19:854][  0]LogD3D11RHI:      Driver Date: 8-19-2024
[2025.01.03-20.52.19:854][  0]LogRHI: Texture pool is 2425 MB (70% of 3464 MB)
[2025.01.03-20.52.19:912][  0]LogD3D11RHI: Creating D3DDevice with AMD AGS, using adapter:
[2025.01.03-20.52.19:912][  0]LogD3D11RHI:     Description : Radeon RX550/550 Series
[2025.01.03-20.52.19:912][  0]LogD3D11RHI:     VendorId    : 1002
[2025.01.03-20.52.19:912][  0]LogD3D11RHI:     DeviceId    : 699f
[2025.01.03-20.52.19:912][  0]LogD3D11RHI:     SubSysId    : b041002
[2025.01.03-20.52.19:912][  0]LogD3D11RHI:     Revision    : 00c7
[2025.01.03-20.52.19:912][  0]LogD3D11RHI:     DedicatedVideoMemory : 4273987584 bytes
[2025.01.03-20.52.19:912][  0]LogD3D11RHI:     DedicatedSystemMemory : 0 bytes
[2025.01.03-20.52.19:912][  0]LogD3D11RHI:     SharedSystemMemory : 8562812928 bytes
[2025.01.03-20.52.19:912][  0]LogD3D11RHI:     AdapterLuid : 0 63320
[2025.01.03-20.52.19:973][  0]LogD3D11RHI: Created device via AGS, feature level 11_0, supported extensions 1fffffbf.
[2025.01.03-20.52.19:973][  0]LogD3D11RHI: RHI has support for 64 bit atomics
[2025.01.03-20.52.19:973][  0]LogD3D11RHI: Async texture creation enabled
[2025.01.03-20.52.19:973][  0]LogD3D11RHI: Array index from any shader is supported
[2025.01.03-20.52.20:095][  0]LogD3D11RHI: GPU Timing Frequency: 25.000000 (Debug: 2 1)
[2025.01.03-20.52.20:638][  0]LogTargetPlatformManager: Display: Loaded TargetPlatform 'AllDesktop'
[2025.01.03-20.52.20:663][  0]LogTargetPlatformManager: Display: Loaded TargetPlatform 'Android'
[2025.01.03-20.52.20:663][  0]LogTargetPlatformManager: Display: Loaded TargetPlatform 'Android_ASTC'
[2025.01.03-20.52.20:663][  0]LogTargetPlatformManager: Display: Loaded TargetPlatform 'Android_DXT'
[2025.01.03-20.52.20:663][  0]LogTargetPlatformManager: Display: Loaded TargetPlatform 'Android_ETC2'
[2025.01.03-20.52.20:663][  0]LogTargetPlatformManager: Display: Loaded TargetPlatform 'AndroidClient'
[2025.01.03-20.52.20:663][  0]LogTargetPlatformManager: Display: Loaded TargetPlatform 'Android_ASTCClient'
[2025.01.03-20.52.20:663][  0]LogTargetPlatformManager: Display: Loaded TargetPlatform 'Android_DXTClient'
[2025.01.03-20.52.20:663][  0]LogTargetPlatformManager: Display: Loaded TargetPlatform 'Android_ETC2Client'
[2025.01.03-20.52.20:663][  0]LogTargetPlatformManager: Display: Loaded TargetPlatform 'Android_Multi'
[2025.01.03-20.52.20:663][  0]LogTargetPlatformManager: Display: Loaded TargetPlatform 'Android_MultiClient'
[2025.01.03-20.52.20:709][  0]LogTargetPlatformManager: Display: Loaded TargetPlatform 'IOSClient'
[2025.01.03-20.52.20:709][  0]LogTargetPlatformManager: Display: Loaded TargetPlatform 'IOS'
[2025.01.03-20.52.20:741][  0]LogTargetPlatformManager: Display: Loaded TargetPlatform 'Linux'
[2025.01.03-20.52.20:748][  0]LogTargetPlatformManager: Display: Loaded TargetPlatform 'LinuxNoEditor'
[2025.01.03-20.52.20:755][  0]LogTargetPlatformManager: Display: Loaded TargetPlatform 'LinuxClient'
[2025.01.03-20.52.20:761][  0]LogTargetPlatformManager: Display: Loaded TargetPlatform 'LinuxServer'
[2025.01.03-20.52.20:799][  0]LogTargetPlatformManager: Display: Loaded TargetPlatform 'LinuxAArch64NoEditor'
[2025.01.03-20.52.20:804][  0]LogTargetPlatformManager: Display: Loaded TargetPlatform 'LinuxAArch64Client'
[2025.01.03-20.52.20:810][  0]LogTargetPlatformManager: Display: Loaded TargetPlatform 'LinuxAArch64Server'
[2025.01.03-20.52.20:838][  0]LogTargetPlatformManager: Display: Loaded TargetPlatform 'Lumin'
[2025.01.03-20.52.20:838][  0]LogTargetPlatformManager: Display: Loaded TargetPlatform 'LuminClient'
[2025.01.03-20.52.20:872][  0]LogTargetPlatformManager: Display: Loaded TargetPlatform 'MacNoEditor'
[2025.01.03-20.52.20:877][  0]LogTargetPlatformManager: Display: Loaded TargetPlatform 'Mac'
[2025.01.03-20.52.20:884][  0]LogTargetPlatformManager: Display: Loaded TargetPlatform 'MacClient'
[2025.01.03-20.52.20:889][  0]LogTargetPlatformManager: Display: Loaded TargetPlatform 'MacServer'
[2025.01.03-20.52.20:927][  0]LogTargetPlatformManager: Display: Loaded TargetPlatform 'TVOSClient'
[2025.01.03-20.52.20:927][  0]LogTargetPlatformManager: Display: Loaded TargetPlatform 'TVOS'
[2025.01.03-20.52.20:938][  0]LogTargetPlatformManager: Display: Loaded TargetPlatform 'WindowsNoEditor'
[2025.01.03-20.52.20:943][  0]LogTargetPlatformManager: Display: Loaded TargetPlatform 'Windows'
[2025.01.03-20.52.20:950][  0]LogTargetPlatformManager: Display: Loaded TargetPlatform 'WindowsClient'
[2025.01.03-20.52.20:954][  0]LogTargetPlatformManager: Display: Loaded TargetPlatform 'WindowsServer'
[2025.01.03-20.52.20:955][  0]LogTargetPlatformManager: Display: Building Assets For Windows
[2025.01.03-20.52.20:963][  0]LogAudioDebug: Display: Lib vorbis DLL was dynamically loaded.
[2025.01.03-20.52.21:051][  0]LogTextureFormatOodle: Display: Oodle Texture 2.9.0 init RDO Off
[2025.01.03-20.52.21:169][  0]LogRendererCore: Ray tracing is disabled. Reason: r.RayTracing=0.
[2025.01.03-20.52.21:169][  0]LogShaderCompilers: Guid format shader working directory is -2 characters bigger than the processId version (C:/Users/stras/OneDrive/work garbage/BALLPROJECT/Intermediate/Shaders/WorkingDirectory/8844/).
[2025.01.03-20.52.21:170][  0]LogShaderCompilers: Cleaned the shader compiler working directory 'C:/Users/stras/AppData/Local/Temp/UnrealShaderWorkingDir/303DDA084FD523B9C7BB6C84E4D5DC78/'.
[2025.01.03-20.52.21:170][  0]LogXGEController: Cannot use XGE Controller as Incredibuild is not installed on this machine.
[2025.01.03-20.52.21:170][  0]LogShaderCompilers: Cannot use XGE Shader Compiler as Incredibuild is not installed on this machine.
[2025.01.03-20.52.21:170][  0]LogShaderCompilers: Display: Using Local Shader Compiler.
[2025.01.03-20.52.27:325][  0]LogDerivedDataCache: Display: Max Cache Size: 512 MB
[2025.01.03-20.52.27:408][  0]LogDerivedDataCache: Loaded boot cache 0.08s 112MB C:/Users/stras/AppData/Local/UnrealEngine/4.27/DerivedDataCache/Boot.ddc.
[2025.01.03-20.52.27:408][  0]LogDerivedDataCache: Display: Loaded Boot cache: C:/Users/stras/AppData/Local/UnrealEngine/4.27/DerivedDataCache/Boot.ddc
[2025.01.03-20.52.27:408][  0]LogDerivedDataCache: FDerivedDataBackendGraph:  Pak pak cache file C:/Users/stras/OneDrive/work garbage/BALLPROJECT/DerivedDataCache/DDC.ddp not found, will not use a pak cache.
[2025.01.03-20.52.27:408][  0]LogDerivedDataCache: Unable to find inner node Pak for hierarchical cache Hierarchy.
[2025.01.03-20.52.27:408][  0]LogDerivedDataCache: FDerivedDataBackendGraph:  CompressedPak pak cache file C:/Users/stras/OneDrive/work garbage/BALLPROJECT/DerivedDataCache/Compressed.ddp not found, will not use a pak cache.
[2025.01.03-20.52.27:408][  0]LogDerivedDataCache: Unable to find inner node CompressedPak for hierarchical cache Hierarchy.
[2025.01.03-20.52.27:432][  0]LogDerivedDataCache: Display: Pak cache opened for reading ../../../Engine/DerivedDataCache/Compressed.ddp.
[2025.01.03-20.52.27:432][  0]LogDerivedDataCache: FDerivedDataBackendGraph:  EnterprisePak pak cache file ../../../Enterprise/DerivedDataCache/Compressed.ddp not found, will not use a pak cache.
[2025.01.03-20.52.27:432][  0]LogDerivedDataCache: Unable to find inner node EnterprisePak for hierarchical cache Hierarchy.
[2025.01.03-20.52.27:570][  0]LogDerivedDataCache: Speed tests for C:/Users/stras/AppData/Local/UnrealEngine/Common/DerivedDataCache took 0.14 seconds
[2025.01.03-20.52.27:570][  0]LogDerivedDataCache: Display: Performance to C:/Users/stras/AppData/Local/UnrealEngine/Common/DerivedDataCache: Latency=0.09ms. RandomReadSpeed=7.84MBs, RandomWriteSpeed=52.98MBs. Assigned SpeedClass 'Local'
[2025.01.03-20.52.27:578][  0]LogDerivedDataCache: Using Local data cache path C:/Users/stras/AppData/Local/UnrealEngine/Common/DerivedDataCache: Writable
[2025.01.03-20.52.27:578][  0]LogDerivedDataCache: Shared data cache path not found in *engine.ini, will not use an Shared cache.
[2025.01.03-20.52.27:578][  0]LogDerivedDataCache: Unable to find inner node Shared for hierarchical cache Hierarchy.
[2025.01.03-20.52.27:658][  0]LogSlate: Using FreeType 2.10.0
[2025.01.03-20.52.27:922][  0]LogSlate: SlateFontServices - WITH_FREETYPE: 1, WITH_HARFBUZZ: 1
[2025.01.03-20.52.28:174][  0]LogAssetRegistry: FAssetRegistry took 0.0037 seconds to start up
[2025.01.03-20.52.29:188][  0]LogInit: Selected Device Profile: [Windows]
[2025.01.03-20.52.29:189][  0]LogInit: Active device profile: [000001F017C2D400][000001F0188102C0 49] Windows
[2025.01.03-20.52.29:189][  0]LogInit: Profiles: [000001F017C2D400][000001F0188102C0 49] Windows, [000001F017BCA600][000001F0176EC400 49] WindowsNoEditor, [000001F017C2F800][000001F018814540 49] WindowsServer, [000001F017BBBF00][000001F01881C6C0 49] WindowsClient, [000001F017BCB800][000001F018820840 49] IOS, [000001F017BBB100][000001F0188249C0 49] iPadAir, [000001F017BCAB00][000001F018828B40 49] iPadAir2, [000001F017B78700][000001F018830E00 49] IPadPro, [000001F017B78800][000001F01882CE40 49] iPadAir3, [000001F017BB9D00][000001F018834FC0 49] iPadAir4, [000001F017B79600][000001F018839140 49] iPadMini2, [000001F017BB8700][000001F01883D2C0 49] iPadMini3, [000001F017B7A200][000001F018841440 49] iPadMini4, [000001F017BBA900][000001F0188455C0 49] iPadMini5, [000001F017B73F00][000001F01884D880 49] iPhone6, [000001F017B73E00][000001F0188498C0 49] iPodTouch6, [000001F017C2E600][000001F018855B80 49] iPhone7, [000001F017C2E700][000001F018851BC0 49] iPodTouch7, [000001F017B70600][000001F0188581C0 49] iPhone5S, [000001F017B7AC00][000001F01885C340 49] iPhone6Plus, [000001F017B70D00][000001F018818480 49] iPhone6S, [000001F017B79800][000001F0188605C0 49] iPhone6SPlus, [000001F017B72400][000001F018864700 49] iPhone7Plus, [000001F017B7AD00][000001F018868840 49] iPhoneSE, [000001F017B70E00][000001F0188709C0 49] iPhone8, [000001F017B78A00][000001F018874B40 49] iPhone8Plus, [000001F017C2E500][000001F018878CC0 49] iPhoneX, [000001F017B7A800][000001F01887CE40 49] iPhoneXS, [000001F017C2C900][000001F018880FC0 49] iPhoneXSMax, [000001F017B78600][000001F018885140 49] iPhoneXR, [000001F017C2D700][000001F0188892C0 49] iPhone11, [000001F017B79000][000001F01888D440 49] iPhone11Pro, [000001F017C2D800][000001F0188915C0 49] iPhone11ProMax, [000001F017B7AF00][000001F018895740 49] iPhoneSE2, [000001F017C2C300][000001F0188998C0 49] iPhone12Mini, [000001F017B7B400][000001F01889DA40 49] iPhone12, [000001F017C2D300][000001F0188A1BC0 49] iPhone12Pro, [000001F017B7A600][000001F0188A41C0 49] iPhone12ProMax, [000001F017C2C200][000001F0188A8340 49] iPadPro105, [000001F017B7A400][000001F0188AC4C0 49] iPadPro129, [000001F017C2EF00][000001F01886C600 49] iPadPro97, [000001F017B7B100][000001F0188B0740 49] iPadPro2_129, [000001F017C2EC00][000001F0188B4880 49] iPad5, [000001F017B78900][000001F0188B89C0 49] iPad6, [000001F017C2CD00][000001F014338B40 49] iPad7, [000001F017B78300][000001F01433CCC0 49] iPad8, [000001F017C2C500][000001F014340E40 49] iPadPro11, [000001F017B7B300][000001F014344FC0 49] iPadPro2_11, [000001F017C2C700][000001F014349140 49] iPadPro3_129, [000001F017B79B00][000001F01434D2C0 49] iPadPro4_129, [000001F017C2F100][000001F014351440 49] AppleTV, [000001F017B7B500][000001F0143555C0 49] AppleTV4K, [000001F017C2E300][000001F014359740 49] TVOS, [000001F017B7AE00][000001F0188C18C0 49] Mac, [000001F017C2CA00][000001F0188C5A40 49] MacClient, [000001F017B7A300][000001F0188C9BC0 49] MacNoEditor, [000001F017C2DF00][000001F0188CC1C0 49] MacServer, [000001F017B7A100][000001F0188D0340 49] Linux, [000001F017C2D200][000001F0188D44C0 49] LinuxAArch64, [000001F017B7AA00][000001F0188D8640 49] LinuxNoEditor, [000001F017C2E100][000001F0188DC7C0 49] LinuxAArch64NoEditor, [000001F017B79200][000001F0188BC900 49] LinuxClient, [000001F017C2EA00][000001F0188E0A40 49] LinuxAArch64Client, [000001F017B7BE00][000001F0188E4B80 49] LinuxServer, [000001F017C2D900][000001F0188ECD00 49] LinuxAArch64Server, [000001F017B78D00][000001F0188F0E80 49] Android, [000001F017C2DB00][000001F0188F5000 49] Android_Low, [000001F017B79500][000001F0188F9180 49] Android_Mid, [000001F017BB8600][000001F0188FD300 49] Android_High, [000001F017B73800][000001F018901480 49] Android_Default, [000001F017BBA400][000001F018905600 49] Android_Adreno4xx, [000001F017B73400][000001F018909780 49] Android_Adreno5xx_Low, [000001F017BB8100][000001F01890D900 49] Android_Adreno5xx, [000001F017B73900][000001F018911A80 49] Android_Adreno6xx, [000001F017BBA800][000001F018915C00 49] Android_Adreno6xx_Vulkan, [000001F017B73A00][000001F018918200 49] Android_Mali_T6xx, [000001F017BBAC00][000001F01891C380 49] Android_Mali_T7xx, [000001F017B71D00][000001F018920500 49] Android_Mali_T8xx, [000001F017BB9100][000001F018924680 49] Android_Mali_G71, [000001F017B73000][000001F018928800 49] Android_Mali_G72, [000001F017BB9A00][000001F01892C980 49] Android_Mali_G72_Vulkan, [000001F017B72D00][000001F0188E8AC0 49] Android_Mali_G76, [000001F017BB8D00][000001F018930C00 49] Android_Mali_G76_Vulkan, [000001F017B71500][000001F018934D40 49] Android_Mali_G77, [000001F017BB9C00][000001F01893CEC0 49] Android_Mali_G77_Vulkan, [000001F017B71200][000001F018941040 49] Android_Mali_G78, [000001F017BBAD00][000001F0189451C0 49] Android_Mali_G78_Vulkan, [000001F017B71300][000001F018949340 49] Android_Mali_G710, [000001F017BBA500][000001F01894D4C0 49] Android_Mali_G710_Vulkan, [000001F017B70800][000001F018951640 49] Android_Vulkan_SM5, [000001F017BBB200][000001F0189557C0 49] Android_PowerVR_G6xxx, [000001F017B73C00][000001F018959940 49] Android_PowerVR_GT7xxx, [000001F017BB9B00][000001F01895DAC0 49] Android_PowerVR_GE8xxx, [000001F017B72300][000001F0189600C0 49] Android_PowerVR_GM9xxx, [000001F017BB8900][000001F018964240 49] Android_PowerVR_GM9xxx_Vulkan, [000001F017B79C00][000001F0189683C0 49] Android_TegraK1, [000001F017BB9200][000001F01896C540 49] Android_Unknown_Vulkan, [000001F017B78200][000001F0189706C0 49] Lumin, [000001F017BBBB00][000001F018974840 49] Lumin_Desktop, [000001F017B79E00][000001F0189789C0 49] HoloLens, 
[2025.01.03-20.52.29:723][  0]LogMeshReduction: Using QuadricMeshReduction for automatic static mesh reduction
[2025.01.03-20.52.29:723][  0]LogMeshReduction: Using SimplygonMeshReduction for automatic skeletal mesh reduction
[2025.01.03-20.52.29:723][  0]LogMeshReduction: Using ProxyLODMeshReduction for automatic mesh merging
[2025.01.03-20.52.29:723][  0]LogMeshReduction: No distributed automatic mesh merging module available
[2025.01.03-20.52.29:723][  0]LogMeshMerging: No distributed automatic mesh merging module available
[2025.01.03-20.52.29:830][  0]LogNetVersion: MyProject 1.0.0, NetCL: 17155196, EngineNetVer: 17, GameNetVer: 0 (Checksum: 3629800737)
[2025.01.03-20.52.31:389][  0]LogTexture: Default maximum texture size for cubemaps generated from long-lat sources has been changed from 512 to unlimited. In order to preserve old behaiour for '/Engine/MapTemplates/Sky/DaylightAmbientCubemap.DaylightAmbientCubemap', its maximum texture size has been explicitly set to 512.
[2025.01.03-20.52.33:301][  0]LogHMD: PokeAHoleMaterial loaded successfully
[2025.01.03-20.52.33:365][  0]LogUObjectArray: 18050 objects as part of root set at end of initial load.
[2025.01.03-20.52.33:365][  0]LogUObjectAllocator: 4611168 out of 0 bytes used by permanent object pool.
[2025.01.03-20.52.33:365][  0]LogUObjectArray: CloseDisregardForGC: 0/0 objects in disregard for GC pool
[2025.01.03-20.52.35:104][  0]LogNiagaraDebuggerClient: Niagara Debugger Client Initialized | Session: E2C6389A43EED4CE5DF56E8E28110393 | Instance: ACD217984A83FB86B812BBB7A5E7014D (DESKTOP-780TUB2-8844).
[2025.01.03-20.52.35:703][  0]LogPython: Using Python 3.7.7
[2025.01.03-20.52.40:804][  0]LogTcpMessaging: Initializing TcpMessaging bridge
[2025.01.03-20.52.40:810][  0]LogUdpMessaging: Initializing bridge on interface 0.0.0.0:0 to multicast group 230.0.0.1:6666.
[2025.01.03-20.52.41:454][  0]SourceControl: Source control is disabled
[2025.01.03-20.52.41:454][  0]SourceControl: Source control is disabled
[2025.01.03-20.52.41:458][  0]SourceControl: Source control is disabled
[2025.01.03-20.52.41:466][  0]SourceControl: Source control is disabled
[2025.01.03-20.52.41:475][  0]SourceControl: Source control is disabled
[2025.01.03-20.52.41:478][  0]LogUProjectInfo: Found projects:
[2025.01.03-20.53.05:257][  0]LogOpenImageDenoise: OIDN starting up
[2025.01.03-20.53.05:302][  0]LogAndroidPermission: UAndroidPermissionCallbackProxy::GetInstance
[2025.01.03-20.53.05:403][  0]LogAudioCaptureCore: Display: No Audio Capture implementations found. Audio input will be silent.
[2025.01.03-20.53.05:403][  0]LogAudioCaptureCore: Display: No Audio Capture implementations found. Audio input will be silent.
[2025.01.03-20.53.09:367][  0]LogCollectionManager: Loaded 0 collections in 0.000763 seconds
[2025.01.03-20.53.09:391][  0]LogFileCache: Scanning file cache for directory 'C:/Users/stras/OneDrive/work garbage/BALLPROJECT/Saved/Collections/' took 0.00s
[2025.01.03-20.53.09:392][  0]LogFileCache: Scanning file cache for directory 'C:/Users/stras/OneDrive/work garbage/BALLPROJECT/Content/Developers/stras/Collections/' took 0.00s
[2025.01.03-20.53.09:392][  0]LogFileCache: Scanning file cache for directory 'C:/Users/stras/OneDrive/work garbage/BALLPROJECT/Content/Collections/' took 0.00s
[2025.01.03-20.53.09:392][  0]LogOcInput: OculusInput pre-init called
[2025.01.03-20.53.10:611][  0]LogClass: Display: IntProperty FPhysicsConvexData::NumVertices is not initialized properly. Module:MeshModelingTools File:Public/Physics/CollisionPropertySets.h
[2025.01.03-20.53.10:684][  0]LogClass: Display: IntProperty FPhysicsConvexData::NumFaces is not initialized properly. Module:MeshModelingTools File:Public/Physics/CollisionPropertySets.h
[2025.01.03-20.53.10:694][  0]LogClass: Display: FloatProperty FPhysicsCapsuleData::Radius is not initialized properly. Module:MeshModelingTools File:Public/Physics/CollisionPropertySets.h
[2025.01.03-20.53.10:694][  0]LogClass: Display: FloatProperty FPhysicsCapsuleData::Length is not initialized properly. Module:MeshModelingTools File:Public/Physics/CollisionPropertySets.h
[2025.01.03-20.53.10:694][  0]LogClass: Display: StructProperty FPhysicsBoxData::Dimensions is not initialized properly. Module:MeshModelingTools File:Public/Physics/CollisionPropertySets.h
[2025.01.03-20.53.10:694][  0]LogClass: Display: FloatProperty FPhysicsSphereData::Radius is not initialized properly. Module:MeshModelingTools File:Public/Physics/CollisionPropertySets.h
[2025.01.03-20.53.10:694][  0]LogClass: Display: EnumProperty FLODLevelGenerateSettings::TargetMode is not initialized properly. Module:MeshModelingToolsEditorOnly File:Public/GenerateLODMeshesTool.h
[2025.01.03-20.53.10:694][  0]LogClass: Display: IntProperty FLODLevelGenerateSettings::TargetPercentage is not initialized properly. Module:MeshModelingToolsEditorOnly File:Public/GenerateLODMeshesTool.h
[2025.01.03-20.53.10:694][  0]LogClass: Display: IntProperty FLODLevelGenerateSettings::TargetCount is not initialized properly. Module:MeshModelingToolsEditorOnly File:Public/GenerateLODMeshesTool.h
[2025.01.03-20.53.10:695][  0]LogClass: Display: 9 Uninitialized script struct members found including 0 object properties
[2025.01.03-20.53.10:696][  0]LogEngine: Initializing Engine...
[2025.01.03-20.53.14:086][  0]LogHMD: Failed to enumerate extensions. Please check that you have a valid OpenXR runtime installed.
[2025.01.03-20.53.14:151][  0]LogHMD: Failed to initialize OpenVR with code 110
[2025.01.03-20.53.14:181][  0]LogMagicLeap: Warning: VR disabled because ZI is not enabled.  To enable, in the editor, Edit -> Project Settings -> Plugins -> Magic Leap Plugin -> Enable Zero Iteration
[2025.01.03-20.53.14:636][  0]LogStylusInput: Initializing StylusInput subsystem.
[2025.01.03-20.53.15:508][  0]LogStats: UGameplayTagsManager::InitializeManager -  0.000 s
[2025.01.03-20.53.15:685][  0]LogInit: Initializing FReadOnlyCVARCache
[2025.01.03-20.53.15:694][  0]LogAIModule: Creating AISystem for world Untitled
[2025.01.03-20.53.15:820][  0]LogAudio: Display: Initializing Audio Device Manager...
[2025.01.03-20.53.15:825][  0]LogAudio: Display: Loading Default Audio Settings Objects...
[2025.01.03-20.53.15:825][  0]LogAudio: Display: No default SoundConcurrencyObject specified (or failed to load).
[2025.01.03-20.53.15:826][  0]LogAudio: Display: Audio Device Manager Initialized
[2025.01.03-20.53.15:826][  0]LogAudio: Display: Creating Audio Device:                 Id: 1, Scope: Shared, Realtime: True
[2025.01.03-20.53.15:826][  0]LogAudioMixer: Display: Audio Mixer Platform Settings:
[2025.01.03-20.53.15:826][  0]LogAudioMixer: Display: 	Sample Rate:						  48000
[2025.01.03-20.53.15:826][  0]LogAudioMixer: Display: 	Callback Buffer Frame Size Requested: 1024
[2025.01.03-20.53.15:826][  0]LogAudioMixer: Display: 	Callback Buffer Frame Size To Use:	  1024
[2025.01.03-20.53.15:826][  0]LogAudioMixer: Display: 	Number of buffers to queue:			  2
[2025.01.03-20.53.15:826][  0]LogAudioMixer: Display: 	Max Channels (voices):				  32
[2025.01.03-20.53.15:826][  0]LogAudioMixer: Display: 	Number of Async Source Workers:		  0
[2025.01.03-20.53.15:826][  0]LogAudio: Display: AudioDevice MaxSources: 32
[2025.01.03-20.53.15:827][  0]LogAudio: Display: Audio Spatialization Plugin: None (built-in).
[2025.01.03-20.53.15:827][  0]LogAudio: Display: Audio Reverb Plugin: None (built-in).
[2025.01.03-20.53.15:827][  0]LogAudio: Display: Audio Occlusion Plugin: None (built-in).
[2025.01.03-20.53.15:827][  0]LogAudioMixer: Display: Initializing audio mixer.
[2025.01.03-20.53.15:842][  0]LogAudioMixer: Display: 0: FrontLeft
[2025.01.03-20.53.15:842][  0]LogAudioMixer: Display: 1: FrontRight
[2025.01.03-20.53.15:870][  0]LogAudioMixer: Display: Using Audio Device Głośniki (Realtek(R) Audio)
[2025.01.03-20.53.15:872][  0]LogAudioMixer: Display: Initializing Sound Submixes...
[2025.01.03-20.53.15:874][  0]LogAudioMixer: Display: Creating Master Submix 'MasterSubmixDefault'
[2025.01.03-20.53.15:874][  0]LogAudioMixer: Display: Creating Master Submix 'MasterReverbSubmixDefault'
[2025.01.03-20.53.15:875][  0]LogAudioMixer: Display: Creating Master Submix 'MasterEQSubmixDefault'
[2025.01.03-20.53.15:876][  0]LogAudioMixer: FMixerPlatformXAudio2::StartAudioStream() called
[2025.01.03-20.53.15:876][  0]LogAudioMixer: Display: Output buffers initialized: Frames=1024, Channels=2, Samples=2048
[2025.01.03-20.53.15:877][  0]LogAudioMixer: Display: Starting AudioMixerPlatformInterface::RunInternal()
[2025.01.03-20.53.15:877][  0]LogAudioMixer: Display: FMixerPlatformXAudio2::SubmitBuffer() called for the first time
[2025.01.03-20.53.15:877][  0]LogInit: FAudioDevice initialized.
[2025.01.03-20.53.15:877][  0]LogAudio: Display: Audio Device (ID: 1) registered with world 'Untitled'.
[2025.01.03-20.53.15:877][  0]LogNetVersion: Set ProjectVersion to 1.0.0.0. Version Checksum will be recalculated on next use.
[2025.01.03-20.53.19:683][  0]LogDerivedDataCache: Saved boot cache 3.81s 112MB C:/Users/stras/AppData/Local/UnrealEngine/4.27/DerivedDataCache/Boot.ddc.
[2025.01.03-20.53.19:686][  0]LogInit: Texture streaming: Enabled
[2025.01.03-20.53.19:701][  0]LogAnalytics: Display: [UEEditor.Rocket.Release] APIServer = https://datarouter.ol.epicgames.com/. AppVersion = 4.27.2-18319896+++UE4+Release-4.27
[2025.01.03-20.53.19:705][  0]LogEngineSessionManager: EngineSessionManager initialized
[2025.01.03-20.53.19:705][  0]LogEditorSessionSummary: Verbose: Initializing EditorSessionSummaryWriter for editor session tracking
[2025.01.03-20.53.19:707][  0]LogEditorSessionSummary: EditorSessionSummaryWriter initialized
[2025.01.03-20.53.19:745][  0]LogInit: Transaction tracking system initialized
[2025.01.03-20.53.19:768][  0]BlueprintLog: New page: Editor Load
[2025.01.03-20.53.20:073][  0]LocalizationService: Localization service is disabled
[2025.01.03-20.53.20:962][  0]TimingProfiler: Initialize
[2025.01.03-20.53.20:963][  0]TimingProfiler: OnSessionChanged
[2025.01.03-20.53.20:963][  0]LoadingProfiler: Initialize
[2025.01.03-20.53.20:963][  0]LoadingProfiler: OnSessionChanged
[2025.01.03-20.53.20:963][  0]NetworkingProfiler: Initialize
[2025.01.03-20.53.20:963][  0]NetworkingProfiler: OnSessionChanged
[2025.01.03-20.53.20:963][  0]MemoryProfiler: Initialize
[2025.01.03-20.53.20:963][  0]MemoryProfiler: OnSessionChanged
[2025.01.03-20.53.36:779][  0]LogFileCache: Scanning file cache for directory 'C:/Users/stras/OneDrive/work garbage/BALLPROJECT/Content/' took 1.47s
[2025.01.03-20.53.36:779][  0]LogCook: Display: CookSettings for Memory: MemoryMaxUsedVirtual 0MiB, MemoryMaxUsedPhysical 16384MiB, MemoryMinFreeVirtual 0MiB, MemoryMinFreePhysical 1024MiB
[2025.01.03-20.53.36:779][  0]LogCook: Display: Mobile HDR setting 1
[2025.01.03-20.53.42:480][  0]LogInit: Display: Engine is initialized. Leaving FEngineLoop::Init()
[2025.01.03-20.53.42:484][  0]SourceControl: Source control is disabled
[2025.01.03-20.53.42:484][  0]LogUnrealEdMisc: Loading editor; pre map load, took 103.087
[2025.01.03-20.53.42:484][  0]Cmd: MAP LOAD FILE="../../../Engine/Content/Maps/Templates/Template_Default.umap" TEMPLATE=1 SHOWPROGRESS=1 FEATURELEVEL=3
[2025.01.03-20.53.42:485][  0]LightingResults: New page: Lighting Build
[2025.01.03-20.53.42:487][  0]LogWorld: UWorld::CleanupWorld for Untitled, bSessionEnded=true, bCleanupResources=true
[2025.01.03-20.53.42:487][  0]LogSlate: InvalidateAllWidgets triggered.  All widgets were invalidated
[2025.01.03-20.53.42:488][  0]MapCheck: New page: Map Check
[2025.01.03-20.53.42:488][  0]LightingResults: New page: Lighting Build
[2025.01.03-20.53.43:939][  0]LogAudio: Display: Audio Device unregistered from world 'None'.
[2025.01.03-20.53.43:966][  0]LogUObjectHash: Compacting FUObjectHashTables data took   1.13ms
[2025.01.03-20.53.44:200][  0]LogTexture: Display: Building textures: DeprecatedTextureEB9CBE3C423008B5E8E130901E171C89 (BGRA8, 128X128)
[2025.01.03-20.53.44:211][  0]LogAudio: Display: Audio Device (ID: 1) registered with world 'Untitled_1'.
[2025.01.03-20.53.44:213][  0]LogAIModule: Creating AISystem for world Untitled_1
[2025.01.03-20.53.44:272][  0]LogEditorServer: Finished looking for orphan Actors (0.000 secs)
[2025.01.03-20.53.46:055][  0]LogUObjectHash: Compacting FUObjectHashTables data took   1.15ms
[2025.01.03-20.53.46:055][  0]Cmd: MAP CHECKDEP NOCLEARLOG
[2025.01.03-20.53.46:056][  0]MapCheck: Map check complete: 0 Error(s), 0 Warning(s), took 0,266ms to complete.
[2025.01.03-20.53.46:056][  0]LogFileHelpers: Loading map 'Template_Default' took 3.571
[2025.01.03-20.53.46:221][  0]LogUnrealEdMisc: Total Editor Startup Time, took 106.823
[2025.01.03-20.54.14:462][  0]LogSlate: Updating window title bar state: overlay mode, drag disabled, window buttons hidden, title bar hidden
[2025.01.03-20.54.15:557][  0]LogSlate: Updating window title bar state: overlay mode, drag disabled, window buttons hidden, title bar hidden
[2025.01.03-20.54.15:566][  0]LogSlate: Updating window title bar state: overlay mode, drag disabled, window buttons hidden, title bar hidden
[2025.01.03-20.54.15:574][  0]LogSlate: Updating window title bar state: overlay mode, drag disabled, window buttons hidden, title bar hidden
[2025.01.03-20.54.24:499][  0]LogNativeClassHierarchy: Verbose: Native class hierarchy populated in 0.0237 seconds. Added 4202 classes and 960 folders.
[2025.01.03-20.54.27:242][  0]LogNativeClassHierarchy: Verbose: Native class hierarchy updated for 'WidgetCarousel' in 0.0004 seconds. Added 0 classes and 0 folders.
[2025.01.03-20.54.28:427][  0]LogPakFile: PakFile PrimaryIndexSize=187
[2025.01.03-20.54.28:427][  0]LogPakFile: PakFile PathHashIndexSize=101
[2025.01.03-20.54.28:427][  0]LogPakFile: PakFile FullDirectoryIndexSize=148
[2025.01.03-20.54.28:508][  0]LogShaderLibrary: Display: ShaderCodeLibraryPakFileMountedCallback: PakFile 'D:/epic/UE_4.27/FeaturePacks/FP_FirstPerson.upack' (chunk index -1, root 'root:/') mounted
[2025.01.03-20.54.28:508][  0]LogShaderLibrary: Display: ShaderCodeLibraryPakFileMountedCallback: pending pak file info (ChunkID:-1 Root:root:/ File:D:/epic/UE_4.27/FeaturePacks/FP_FirstPerson.upack)
[2025.01.03-20.54.28:592][  0]LogPakFile: OnPakFileMounted2Time == 0.165507
[2025.01.03-20.54.29:088][  0]LogPakFile: PakFile PrimaryIndexSize=189
[2025.01.03-20.54.29:088][  0]LogPakFile: PakFile PathHashIndexSize=101
[2025.01.03-20.54.29:088][  0]LogPakFile: PakFile FullDirectoryIndexSize=152
[2025.01.03-20.54.29:088][  0]LogShaderLibrary: Display: ShaderCodeLibraryPakFileMountedCallback: PakFile 'D:/epic/UE_4.27/FeaturePacks/FP_FirstPersonBP.upack' (chunk index -1, root 'root:/') mounted
[2025.01.03-20.54.29:131][  0]LogShaderLibrary: Display: ShaderCodeLibraryPakFileMountedCallback: pending pak file info (ChunkID:-1 Root:root:/ File:D:/epic/UE_4.27/FeaturePacks/FP_FirstPersonBP.upack)
[2025.01.03-20.54.29:131][  0]LogPakFile: OnPakFileMounted2Time == 0.042718
[2025.01.03-20.54.29:525][  0]LogPakFile: PakFile PrimaryIndexSize=191
[2025.01.03-20.54.29:525][  0]LogPakFile: PakFile PathHashIndexSize=101
[2025.01.03-20.54.29:525][  0]LogPakFile: PakFile FullDirectoryIndexSize=160
[2025.01.03-20.54.29:525][  0]LogShaderLibrary: Display: ShaderCodeLibraryPakFileMountedCallback: PakFile 'D:/epic/UE_4.27/FeaturePacks/MobileStarterContent.upack' (chunk index -1, root 'root:/') mounted
[2025.01.03-20.54.29:525][  0]LogShaderLibrary: Display: ShaderCodeLibraryPakFileMountedCallback: pending pak file info (ChunkID:-1 Root:root:/ File:D:/epic/UE_4.27/FeaturePacks/MobileStarterContent.upack)
[2025.01.03-20.54.29:525][  0]LogPakFile: OnPakFileMounted2Time == 0.000055
[2025.01.03-20.54.29:765][  0]LogPakFile: PakFile PrimaryIndexSize=185
[2025.01.03-20.54.29:766][  0]LogPakFile: PakFile PathHashIndexSize=101
[2025.01.03-20.54.29:766][  0]LogPakFile: PakFile FullDirectoryIndexSize=148
[2025.01.03-20.54.29:766][  0]LogShaderLibrary: Display: ShaderCodeLibraryPakFileMountedCallback: PakFile 'D:/epic/UE_4.27/FeaturePacks/StarterContent.upack' (chunk index -1, root 'root:/') mounted
[2025.01.03-20.54.29:766][  0]LogShaderLibrary: Display: ShaderCodeLibraryPakFileMountedCallback: pending pak file info (ChunkID:-1 Root:root:/ File:D:/epic/UE_4.27/FeaturePacks/StarterContent.upack)
[2025.01.03-20.54.29:766][  0]LogPakFile: OnPakFileMounted2Time == 0.000082
[2025.01.03-20.54.29:918][  0]LogPakFile: PakFile PrimaryIndexSize=190
[2025.01.03-20.54.29:918][  0]LogPakFile: PakFile PathHashIndexSize=101
[2025.01.03-20.54.29:918][  0]LogPakFile: PakFile FullDirectoryIndexSize=154
[2025.01.03-20.54.29:918][  0]LogShaderLibrary: Display: ShaderCodeLibraryPakFileMountedCallback: PakFile 'D:/epic/UE_4.27/FeaturePacks/TP_2DSideScroller.upack' (chunk index -1, root 'root:/') mounted
[2025.01.03-20.54.29:918][  0]LogShaderLibrary: Display: ShaderCodeLibraryPakFileMountedCallback: pending pak file info (ChunkID:-1 Root:root:/ File:D:/epic/UE_4.27/FeaturePacks/TP_2DSideScroller.upack)
[2025.01.03-20.54.29:918][  0]LogPakFile: OnPakFileMounted2Time == 0.000056
[2025.01.03-20.54.30:148][  0]LogPakFile: PakFile PrimaryIndexSize=192
[2025.01.03-20.54.30:148][  0]LogPakFile: PakFile PathHashIndexSize=101
[2025.01.03-20.54.30:148][  0]LogPakFile: PakFile FullDirectoryIndexSize=158
[2025.01.03-20.54.30:148][  0]LogShaderLibrary: Display: ShaderCodeLibraryPakFileMountedCallback: PakFile 'D:/epic/UE_4.27/FeaturePacks/TP_2DSideScrollerBP.upack' (chunk index -1, root 'root:/') mounted
[2025.01.03-20.54.30:148][  0]LogShaderLibrary: Display: ShaderCodeLibraryPakFileMountedCallback: pending pak file info (ChunkID:-1 Root:root:/ File:D:/epic/UE_4.27/FeaturePacks/TP_2DSideScrollerBP.upack)
[2025.01.03-20.54.30:148][  0]LogPakFile: OnPakFileMounted2Time == 0.000056
[2025.01.03-20.54.30:230][  0]LogPakFile: PakFile PrimaryIndexSize=182
[2025.01.03-20.54.30:230][  0]LogPakFile: PakFile PathHashIndexSize=101
[2025.01.03-20.54.30:230][  0]LogPakFile: PakFile FullDirectoryIndexSize=138
[2025.01.03-20.54.30:230][  0]LogShaderLibrary: Display: ShaderCodeLibraryPakFileMountedCallback: PakFile 'D:/epic/UE_4.27/FeaturePacks/TP_Flying.upack' (chunk index -1, root 'root:/') mounted
[2025.01.03-20.54.30:230][  0]LogShaderLibrary: Display: ShaderCodeLibraryPakFileMountedCallback: pending pak file info (ChunkID:-1 Root:root:/ File:D:/epic/UE_4.27/FeaturePacks/TP_Flying.upack)
[2025.01.03-20.54.30:230][  0]LogPakFile: OnPakFileMounted2Time == 0.000058
[2025.01.03-20.54.30:384][  0]LogPakFile: PakFile PrimaryIndexSize=184
[2025.01.03-20.54.30:384][  0]LogPakFile: PakFile PathHashIndexSize=101
[2025.01.03-20.54.30:384][  0]LogPakFile: PakFile FullDirectoryIndexSize=142
[2025.01.03-20.54.30:384][  0]LogShaderLibrary: Display: ShaderCodeLibraryPakFileMountedCallback: PakFile 'D:/epic/UE_4.27/FeaturePacks/TP_FlyingBP.upack' (chunk index -1, root 'root:/') mounted
[2025.01.03-20.54.30:384][  0]LogShaderLibrary: Display: ShaderCodeLibraryPakFileMountedCallback: pending pak file info (ChunkID:-1 Root:root:/ File:D:/epic/UE_4.27/FeaturePacks/TP_FlyingBP.upack)
[2025.01.03-20.54.30:384][  0]LogPakFile: OnPakFileMounted2Time == 0.000060
[2025.01.03-20.54.30:554][  0]LogPakFile: PakFile PrimaryIndexSize=188
[2025.01.03-20.54.30:554][  0]LogPakFile: PakFile PathHashIndexSize=101
[2025.01.03-20.54.30:554][  0]LogPakFile: PakFile FullDirectoryIndexSize=150
[2025.01.03-20.54.30:554][  0]LogShaderLibrary: Display: ShaderCodeLibraryPakFileMountedCallback: PakFile 'D:/epic/UE_4.27/FeaturePacks/TP_HandheldARBP.upack' (chunk index -1, root 'root:/') mounted
[2025.01.03-20.54.30:554][  0]LogShaderLibrary: Display: ShaderCodeLibraryPakFileMountedCallback: pending pak file info (ChunkID:-1 Root:root:/ File:D:/epic/UE_4.27/FeaturePacks/TP_HandheldARBP.upack)
[2025.01.03-20.54.30:554][  0]LogPakFile: OnPakFileMounted2Time == 0.000044
[2025.01.03-20.54.30:683][  0]LogPakFile: PakFile PrimaryIndexSize=182
[2025.01.03-20.54.30:683][  0]LogPakFile: PakFile PathHashIndexSize=101
[2025.01.03-20.54.30:683][  0]LogPakFile: PakFile FullDirectoryIndexSize=138
[2025.01.03-20.54.30:683][  0]LogShaderLibrary: Display: ShaderCodeLibraryPakFileMountedCallback: PakFile 'D:/epic/UE_4.27/FeaturePacks/TP_Puzzle.upack' (chunk index -1, root 'root:/') mounted
[2025.01.03-20.54.30:683][  0]LogShaderLibrary: Display: ShaderCodeLibraryPakFileMountedCallback: pending pak file info (ChunkID:-1 Root:root:/ File:D:/epic/UE_4.27/FeaturePacks/TP_Puzzle.upack)
[2025.01.03-20.54.30:683][  0]LogPakFile: OnPakFileMounted2Time == 0.000058
[2025.01.03-20.54.30:850][  0]LogPakFile: PakFile PrimaryIndexSize=184
[2025.01.03-20.54.30:850][  0]LogPakFile: PakFile PathHashIndexSize=101
[2025.01.03-20.54.30:850][  0]LogPakFile: PakFile FullDirectoryIndexSize=142
[2025.01.03-20.54.30:851][  0]LogShaderLibrary: Display: ShaderCodeLibraryPakFileMountedCallback: PakFile 'D:/epic/UE_4.27/FeaturePacks/TP_PuzzleBP.upack' (chunk index -1, root 'root:/') mounted
[2025.01.03-20.54.30:851][  0]LogShaderLibrary: Display: ShaderCodeLibraryPakFileMountedCallback: pending pak file info (ChunkID:-1 Root:root:/ File:D:/epic/UE_4.27/FeaturePacks/TP_PuzzleBP.upack)
[2025.01.03-20.54.30:851][  0]LogPakFile: OnPakFileMounted2Time == 0.000082
[2025.01.03-20.54.30:985][  0]LogPakFile: PakFile PrimaryIndexSize=183
[2025.01.03-20.54.30:985][  0]LogPakFile: PakFile PathHashIndexSize=101
[2025.01.03-20.54.30:985][  0]LogPakFile: PakFile FullDirectoryIndexSize=140
[2025.01.03-20.54.30:985][  0]LogShaderLibrary: Display: ShaderCodeLibraryPakFileMountedCallback: PakFile 'D:/epic/UE_4.27/FeaturePacks/TP_Rolling.upack' (chunk index -1, root 'root:/') mounted
[2025.01.03-20.54.30:985][  0]LogShaderLibrary: Display: ShaderCodeLibraryPakFileMountedCallback: pending pak file info (ChunkID:-1 Root:root:/ File:D:/epic/UE_4.27/FeaturePacks/TP_Rolling.upack)
[2025.01.03-20.54.30:985][  0]LogPakFile: OnPakFileMounted2Time == 0.000062
[2025.01.03-20.54.31:170][  0]LogPakFile: PakFile PrimaryIndexSize=185
[2025.01.03-20.54.31:170][  0]LogPakFile: PakFile PathHashIndexSize=101
[2025.01.03-20.54.31:170][  0]LogPakFile: PakFile FullDirectoryIndexSize=144
[2025.01.03-20.54.31:170][  0]LogShaderLibrary: Display: ShaderCodeLibraryPakFileMountedCallback: PakFile 'D:/epic/UE_4.27/FeaturePacks/TP_RollingBP.upack' (chunk index -1, root 'root:/') mounted
[2025.01.03-20.54.31:170][  0]LogShaderLibrary: Display: ShaderCodeLibraryPakFileMountedCallback: pending pak file info (ChunkID:-1 Root:root:/ File:D:/epic/UE_4.27/FeaturePacks/TP_RollingBP.upack)
[2025.01.03-20.54.31:170][  0]LogPakFile: OnPakFileMounted2Time == 0.000071
[2025.01.03-20.54.31:446][  0]LogPakFile: PakFile PrimaryIndexSize=188
[2025.01.03-20.54.31:446][  0]LogPakFile: PakFile PathHashIndexSize=101
[2025.01.03-20.54.31:446][  0]LogPakFile: PakFile FullDirectoryIndexSize=150
[2025.01.03-20.54.31:446][  0]LogShaderLibrary: Display: ShaderCodeLibraryPakFileMountedCallback: PakFile 'D:/epic/UE_4.27/FeaturePacks/TP_SideScroller.upack' (chunk index -1, root 'root:/') mounted
[2025.01.03-20.54.31:446][  0]LogShaderLibrary: Display: ShaderCodeLibraryPakFileMountedCallback: pending pak file info (ChunkID:-1 Root:root:/ File:D:/epic/UE_4.27/FeaturePacks/TP_SideScroller.upack)
[2025.01.03-20.54.31:446][  0]LogPakFile: OnPakFileMounted2Time == 0.000065
[2025.01.03-20.54.31:668][  0]LogPakFile: PakFile PrimaryIndexSize=190
[2025.01.03-20.54.31:668][  0]LogPakFile: PakFile PathHashIndexSize=101
[2025.01.03-20.54.31:668][  0]LogPakFile: PakFile FullDirectoryIndexSize=154
[2025.01.03-20.54.31:668][  0]LogShaderLibrary: Display: ShaderCodeLibraryPakFileMountedCallback: PakFile 'D:/epic/UE_4.27/FeaturePacks/TP_SideScrollerBP.upack' (chunk index -1, root 'root:/') mounted
[2025.01.03-20.54.31:668][  0]LogShaderLibrary: Display: ShaderCodeLibraryPakFileMountedCallback: pending pak file info (ChunkID:-1 Root:root:/ File:D:/epic/UE_4.27/FeaturePacks/TP_SideScrollerBP.upack)
[2025.01.03-20.54.31:668][  0]LogPakFile: OnPakFileMounted2Time == 0.000059
[2025.01.03-20.54.31:933][  0]LogPakFile: PakFile PrimaryIndexSize=187
[2025.01.03-20.54.31:933][  0]LogPakFile: PakFile PathHashIndexSize=101
[2025.01.03-20.54.31:933][  0]LogPakFile: PakFile FullDirectoryIndexSize=148
[2025.01.03-20.54.31:934][  0]LogShaderLibrary: Display: ShaderCodeLibraryPakFileMountedCallback: PakFile 'D:/epic/UE_4.27/FeaturePacks/TP_ThirdPerson.upack' (chunk index -1, root 'root:/') mounted
[2025.01.03-20.54.31:934][  0]LogShaderLibrary: Display: ShaderCodeLibraryPakFileMountedCallback: pending pak file info (ChunkID:-1 Root:root:/ File:D:/epic/UE_4.27/FeaturePacks/TP_ThirdPerson.upack)
[2025.01.03-20.54.31:934][  0]LogPakFile: OnPakFileMounted2Time == 0.000074
[2025.01.03-20.54.32:122][  0]LogPakFile: PakFile PrimaryIndexSize=189
[2025.01.03-20.54.32:122][  0]LogPakFile: PakFile PathHashIndexSize=101
[2025.01.03-20.54.32:122][  0]LogPakFile: PakFile FullDirectoryIndexSize=152
[2025.01.03-20.54.32:122][  0]LogShaderLibrary: Display: ShaderCodeLibraryPakFileMountedCallback: PakFile 'D:/epic/UE_4.27/FeaturePacks/TP_ThirdPersonBP.upack' (chunk index -1, root 'root:/') mounted
[2025.01.03-20.54.32:122][  0]LogShaderLibrary: Display: ShaderCodeLibraryPakFileMountedCallback: pending pak file info (ChunkID:-1 Root:root:/ File:D:/epic/UE_4.27/FeaturePacks/TP_ThirdPersonBP.upack)
[2025.01.03-20.54.32:122][  0]LogPakFile: OnPakFileMounted2Time == 0.000063
[2025.01.03-20.54.32:875][  0]LogPakFile: PakFile PrimaryIndexSize=183
[2025.01.03-20.54.32:875][  0]LogPakFile: PakFile PathHashIndexSize=101
[2025.01.03-20.54.32:875][  0]LogPakFile: PakFile FullDirectoryIndexSize=140
[2025.01.03-20.54.32:875][  0]LogShaderLibrary: Display: ShaderCodeLibraryPakFileMountedCallback: PakFile 'D:/epic/UE_4.27/FeaturePacks/TP_TopDown.upack' (chunk index -1, root 'root:/') mounted
[2025.01.03-20.54.32:875][  0]LogShaderLibrary: Display: ShaderCodeLibraryPakFileMountedCallback: pending pak file info (ChunkID:-1 Root:root:/ File:D:/epic/UE_4.27/FeaturePacks/TP_TopDown.upack)
[2025.01.03-20.54.32:875][  0]LogPakFile: OnPakFileMounted2Time == 0.000088
[2025.01.03-20.54.33:123][  0]LogPakFile: PakFile PrimaryIndexSize=185
[2025.01.03-20.54.33:123][  0]LogPakFile: PakFile PathHashIndexSize=101
[2025.01.03-20.54.33:123][  0]LogPakFile: PakFile FullDirectoryIndexSize=144
[2025.01.03-20.54.33:123][  0]LogShaderLibrary: Display: ShaderCodeLibraryPakFileMountedCallback: PakFile 'D:/epic/UE_4.27/FeaturePacks/TP_TopDownBP.upack' (chunk index -1, root 'root:/') mounted
[2025.01.03-20.54.33:123][  0]LogShaderLibrary: Display: ShaderCodeLibraryPakFileMountedCallback: pending pak file info (ChunkID:-1 Root:root:/ File:D:/epic/UE_4.27/FeaturePacks/TP_TopDownBP.upack)
[2025.01.03-20.54.33:124][  0]LogPakFile: OnPakFileMounted2Time == 0.000078
[2025.01.03-20.54.33:306][  0]LogPakFile: PakFile PrimaryIndexSize=185
[2025.01.03-20.54.33:306][  0]LogPakFile: PakFile PathHashIndexSize=101
[2025.01.03-20.54.33:306][  0]LogPakFile: PakFile FullDirectoryIndexSize=144
[2025.01.03-20.54.33:306][  0]LogShaderLibrary: Display: ShaderCodeLibraryPakFileMountedCallback: PakFile 'D:/epic/UE_4.27/FeaturePacks/TP_TwinStick.upack' (chunk index -1, root 'root:/') mounted
[2025.01.03-20.54.33:306][  0]LogShaderLibrary: Display: ShaderCodeLibraryPakFileMountedCallback: pending pak file info (ChunkID:-1 Root:root:/ File:D:/epic/UE_4.27/FeaturePacks/TP_TwinStick.upack)
[2025.01.03-20.54.33:306][  0]LogPakFile: OnPakFileMounted2Time == 0.000063
[2025.01.03-20.54.33:362][  0]LogPakFile: PakFile PrimaryIndexSize=187
[2025.01.03-20.54.33:362][  0]LogPakFile: PakFile PathHashIndexSize=101
[2025.01.03-20.54.33:362][  0]LogPakFile: PakFile FullDirectoryIndexSize=148
[2025.01.03-20.54.33:362][  0]LogShaderLibrary: Display: ShaderCodeLibraryPakFileMountedCallback: PakFile 'D:/epic/UE_4.27/FeaturePacks/TP_TwinStickBP.upack' (chunk index -1, root 'root:/') mounted
[2025.01.03-20.54.33:362][  0]LogShaderLibrary: Display: ShaderCodeLibraryPakFileMountedCallback: pending pak file info (ChunkID:-1 Root:root:/ File:D:/epic/UE_4.27/FeaturePacks/TP_TwinStickBP.upack)
[2025.01.03-20.54.33:362][  0]LogPakFile: OnPakFileMounted2Time == 0.000063
[2025.01.03-20.54.33:429][  0]LogPakFile: PakFile PrimaryIndexSize=183
[2025.01.03-20.54.33:429][  0]LogPakFile: PakFile PathHashIndexSize=101
[2025.01.03-20.54.33:429][  0]LogPakFile: PakFile FullDirectoryIndexSize=140
[2025.01.03-20.54.33:429][  0]LogShaderLibrary: Display: ShaderCodeLibraryPakFileMountedCallback: PakFile 'D:/epic/UE_4.27/FeaturePacks/TP_Vehicle.upack' (chunk index -1, root 'root:/') mounted
[2025.01.03-20.54.33:429][  0]LogShaderLibrary: Display: ShaderCodeLibraryPakFileMountedCallback: pending pak file info (ChunkID:-1 Root:root:/ File:D:/epic/UE_4.27/FeaturePacks/TP_Vehicle.upack)
[2025.01.03-20.54.33:429][  0]LogPakFile: OnPakFileMounted2Time == 0.000063
[2025.01.03-20.54.33:837][  0]LogPakFile: PakFile PrimaryIndexSize=186
[2025.01.03-20.54.33:837][  0]LogPakFile: PakFile PathHashIndexSize=101
[2025.01.03-20.54.33:837][  0]LogPakFile: PakFile FullDirectoryIndexSize=146
[2025.01.03-20.54.33:837][  0]LogShaderLibrary: Display: ShaderCodeLibraryPakFileMountedCallback: PakFile 'D:/epic/UE_4.27/FeaturePacks/TP_VehicleAdv.upack' (chunk index -1, root 'root:/') mounted
[2025.01.03-20.54.33:837][  0]LogShaderLibrary: Display: ShaderCodeLibraryPakFileMountedCallback: pending pak file info (ChunkID:-1 Root:root:/ File:D:/epic/UE_4.27/FeaturePacks/TP_VehicleAdv.upack)
[2025.01.03-20.54.33:837][  0]LogPakFile: OnPakFileMounted2Time == 0.000067
[2025.01.03-20.54.34:913][  0]LogPakFile: PakFile PrimaryIndexSize=188
[2025.01.03-20.54.34:913][  0]LogPakFile: PakFile PathHashIndexSize=101
[2025.01.03-20.54.34:913][  0]LogPakFile: PakFile FullDirectoryIndexSize=150
[2025.01.03-20.54.34:913][  0]LogShaderLibrary: Display: ShaderCodeLibraryPakFileMountedCallback: PakFile 'D:/epic/UE_4.27/FeaturePacks/TP_VehicleAdvBP.upack' (chunk index -1, root 'root:/') mounted
[2025.01.03-20.54.34:913][  0]LogShaderLibrary: Display: ShaderCodeLibraryPakFileMountedCallback: pending pak file info (ChunkID:-1 Root:root:/ File:D:/epic/UE_4.27/FeaturePacks/TP_VehicleAdvBP.upack)
[2025.01.03-20.54.34:913][  0]LogPakFile: OnPakFileMounted2Time == 0.000065
[2025.01.03-20.54.35:462][  0]LogPakFile: PakFile PrimaryIndexSize=185
[2025.01.03-20.54.35:462][  0]LogPakFile: PakFile PathHashIndexSize=101
[2025.01.03-20.54.35:462][  0]LogPakFile: PakFile FullDirectoryIndexSize=144
[2025.01.03-20.54.35:462][  0]LogShaderLibrary: Display: ShaderCodeLibraryPakFileMountedCallback: PakFile 'D:/epic/UE_4.27/FeaturePacks/TP_VehicleBP.upack' (chunk index -1, root 'root:/') mounted
[2025.01.03-20.54.35:462][  0]LogShaderLibrary: Display: ShaderCodeLibraryPakFileMountedCallback: pending pak file info (ChunkID:-1 Root:root:/ File:D:/epic/UE_4.27/FeaturePacks/TP_VehicleBP.upack)
[2025.01.03-20.54.35:462][  0]LogPakFile: OnPakFileMounted2Time == 0.000089
[2025.01.03-20.54.35:797][  0]LogPakFile: PakFile PrimaryIndexSize=192
[2025.01.03-20.54.35:797][  0]LogPakFile: PakFile PathHashIndexSize=101
[2025.01.03-20.54.35:797][  0]LogPakFile: PakFile FullDirectoryIndexSize=158
[2025.01.03-20.54.35:797][  0]LogShaderLibrary: Display: ShaderCodeLibraryPakFileMountedCallback: PakFile 'D:/epic/UE_4.27/FeaturePacks/TP_VirtualRealityBP.upack' (chunk index -1, root 'root:/') mounted
[2025.01.03-20.54.35:797][  0]LogShaderLibrary: Display: ShaderCodeLibraryPakFileMountedCallback: pending pak file info (ChunkID:-1 Root:root:/ File:D:/epic/UE_4.27/FeaturePacks/TP_VirtualRealityBP.upack)
[2025.01.03-20.54.35:797][  0]LogPakFile: OnPakFileMounted2Time == 0.000063
[2025.01.03-20.54.48:140][  0]LogNativeClassHierarchy: Verbose: Native class hierarchy updated for 'AddContentDialog' in 0.0004 seconds. Added 0 classes and 0 folders.
[2025.01.03-20.54.50:201][  0]LogNativeClassHierarchy: Verbose: Native class hierarchy updated for 'SceneOutliner' in 0.0004 seconds. Added 2 classes and 0 folders.
[2025.01.03-20.55.07:677][  0]LogSlate: Took 0.000192 seconds to synchronously load lazily loaded font '../../../Engine/Content/Slate/Fonts/Roboto-Regular.ttf' (155K)
[2025.01.03-20.55.08:193][  0]LogSlate: Took 0.362518 seconds to synchronously load lazily loaded font '../../../Engine/Content/Editor/Slate/Fonts/FontAwesome.ttf' (139K)
[2025.01.03-20.55.08:442][  0]LogSlate: Took 0.000219 seconds to synchronously load lazily loaded font '../../../Engine/Content/Slate/Fonts/Roboto-Bold.ttf' (160K)
[2025.01.03-20.55.16:555][  0]LogRenderer: Reallocating scene render targets to support 1208x572 Format 10 NumSamples 1 (Frame:1).
